#
# There is insufficient memory for the Java Runtime Environment to continue.
# Native memory allocation (malloc) failed to allocate 2176336 bytes for Chunk::new
# Possible reasons:
#   The system is out of physical RAM or swap space
#   The process is running with CompressedOops enabled, and the Java Heap may be blocking the growth of the native heap
# Possible solutions:
#   Reduce memory load on the system
#   Increase physical memory or swap space
#   Check if swap backing store is full
#   Decrease Java heap size (-Xmx/-Xms)
#   Decrease number of Java threads
#   Decrease Java thread stack sizes (-Xss)
#   Set larger code cache with -XX:ReservedCodeCacheSize=
#   JVM is running with Unscaled Compressed Oops mode in which the Java heap is
#     placed in the first 4GB address space. The Java Heap base address is the
#     maximum limit for the native heap growth. Please use -XX:HeapBaseMinAddress
#     to set the Java Heap base and to place the Java Heap above 4GB virtual address.
# This output file may be truncated or incomplete.
#
#  Out of Memory Error (allocation.cpp:390), pid=7196, tid=0x0000000000001a8c
#
# JRE version: Java(TM) SE Runtime Environment (8.0_201-b09) (build 1.8.0_201-b09)
# Java VM: Java HotSpot(TM) 64-Bit Server VM (25.201-b09 mixed mode windows-amd64 compressed oops)
# Failed to write core dump. Minidumps are not enabled by default on client versions of Windows
#

---------------  T H R E A D  ---------------

Current thread (0x000000001658c800):  JavaThread "C2 CompilerThread1" daemon [_thread_in_native, id=6796, stack(0x0000000017cd0000,0x0000000017dd0000)]

Stack: [0x0000000017cd0000,0x0000000017dd0000]
[error occurred during error reporting (printing stack bounds), id 0xc0000005]

Native frames: (J=compiled Java code, j=interpreted, Vv=VM code, C=native code)


Current CompileTask:
C2:3634130 19933 %     4       org.objectweb.asm.ClassReader::readCode @ 71 (5089 bytes)


---------------  P R O C E S S  ---------------

Java Threads: ( => current thread )
  0x000000001d323000 JavaThread "WorkerExecutor Queue Thread 5" [_thread_blocked, id=4048, stack(0x000000002fbd0000,0x000000002fcd0000)]
  0x000000001d322000 JavaThread "stdout" [_thread_in_native, id=2972, stack(0x000000002fad0000,0x000000002fbd0000)]
  0x000000001d321800 JavaThread "stderr" [_thread_in_native, id=1344, stack(0x000000002f9d0000,0x000000002fad0000)]
  0x000000001d31b000 JavaThread "stdout" [_thread_in_native, id=2948, stack(0x000000002f8d0000,0x000000002f9d0000)]
  0x000000001d320000 JavaThread "stderr" [_thread_in_native, id=8916, stack(0x000000002f7d0000,0x000000002f8d0000)]
  0x000000001d31c800 JavaThread "stdout" [_thread_in_native, id=4232, stack(0x000000002f6d0000,0x000000002f7d0000)]
  0x000000001d320800 JavaThread "stderr" [_thread_in_native, id=6040, stack(0x000000002f5d0000,0x000000002f6d0000)]
  0x000000001d31f000 JavaThread "stdout" [_thread_in_native, id=7096, stack(0x000000002f4d0000,0x000000002f5d0000)]
  0x000000001d313800 JavaThread "stderr" [_thread_in_native, id=10984, stack(0x000000002f3d0000,0x000000002f4d0000)]
  0x000000001d315000 JavaThread "pool-13-thread-1" [_thread_blocked, id=5628, stack(0x000000002f2d0000,0x000000002f3d0000)]
  0x000000001d319800 JavaThread "WorkerExecutor Queue Thread 2" [_thread_blocked, id=2544, stack(0x000000002efd0000,0x000000002f0d0000)]
  0x000000001d319000 JavaThread "Cache worker for execution history cache (D:\Projects_all\AndroidHK2019\tictactoe\.gradle\5.4.1\executionHistory)" [_thread_blocked, id=7264, stack(0x000000002edd0000,0x000000002eed0000)]
  0x000000001d318000 JavaThread "Execution worker for ':' Thread 3" [_thread_blocked, id=2904, stack(0x000000002ecd0000,0x000000002edd0000)]
  0x000000001969b000 JavaThread "Execution worker for ':' Thread 2" [_thread_blocked, id=7940, stack(0x000000002ebd0000,0x000000002ecd0000)]
  0x0000000019695800 JavaThread "Execution worker for ':'" [_thread_blocked, id=2216, stack(0x000000002ead0000,0x000000002ebd0000)]
  0x000000001969a000 JavaThread "Cache worker for file content cache (D:\Projects_all\AndroidHK2019\tictactoe\.gradle\5.4.1\fileContent)" [_thread_blocked, id=5764, stack(0x000000002e9d0000,0x000000002ead0000)]
  0x0000000019697000 JavaThread "Cache worker for Build Output Cleanup Cache (D:\Projects_all\AndroidHK2019\tictactoe\.gradle\buildOutputCleanup)" [_thread_blocked, id=9008, stack(0x000000002e8d0000,0x000000002e9d0000)]
  0x0000000019696800 JavaThread "Build operations Thread 4" [_thread_blocked, id=32, stack(0x000000002e7d0000,0x000000002e8d0000)]
  0x0000000019695000 JavaThread "Build operations Thread 3" [_thread_blocked, id=7140, stack(0x000000002e6d0000,0x000000002e7d0000)]
  0x0000000019699800 JavaThread "Build operations Thread 2" [_thread_blocked, id=2992, stack(0x000000002e5d0000,0x000000002e6d0000)]
  0x0000000019698800 JavaThread "Build operations" [_thread_blocked, id=6680, stack(0x000000002e4d0000,0x000000002e5d0000)]
  0x000000001968d800 JavaThread "Cache worker for cache directory md-rule (C:\Users\MaiTuanAnhLapTop\.gradle\caches\5.4.1\md-rule)" [_thread_blocked, id=4828, stack(0x000000002e3d0000,0x000000002e4d0000)]
  0x000000001968e000 JavaThread "Cache worker for cache directory md-supplier (C:\Users\MaiTuanAnhLapTop\.gradle\caches\5.4.1\md-supplier)" [_thread_blocked, id=10624, stack(0x000000002e2d0000,0x000000002e3d0000)]
  0x000000001968f000 JavaThread "Cache worker for file hash cache (D:\Projects_all\AndroidHK2019\tictactoe\.gradle\5.4.1\fileHashes)" [_thread_blocked, id=11260, stack(0x000000002e1d0000,0x000000002e2d0000)]
  0x0000000019694000 JavaThread "Thread-129" [_thread_blocked, id=1920, stack(0x000000002e0d0000,0x000000002e1d0000)]
  0x0000000019693800 JavaThread "Stdin handler" [_thread_blocked, id=1876, stack(0x000000002dfd0000,0x000000002e0d0000)]
  0x000000001968c000 JavaThread "Asynchronous log dispatcher for DefaultDaemonConnection: socket connection from /127.0.0.1:51228 to /127.0.0.1:52095" [_thread_blocked, id=3240, stack(0x000000002ded0000,0x000000002dfd0000)]
  0x0000000019690800 JavaThread "Daemon worker Thread 6" [_thread_in_native, id=1164, stack(0x000000002ddd0000,0x000000002ded0000)]
  0x0000000019692800 JavaThread "Cancel handler" [_thread_blocked, id=10988, stack(0x000000002dcd0000,0x000000002ddd0000)]
  0x000000001968c800 JavaThread "Handler for socket connection from /127.0.0.1:51228 to /127.0.0.1:52095" [_thread_in_native, id=1204, stack(0x000000002dbd0000,0x000000002dcd0000)]
  0x0000000019692000 JavaThread "Daemon Thread 6" [_thread_blocked, id=660, stack(0x000000002dad0000,0x000000002dbd0000)]
  0x00000000196c4800 JavaThread "Cache worker for Java compile cache (C:\Users\MaiTuanAnhLapTop\.gradle\caches\5.4.1\javaCompile)" [_thread_blocked, id=4084, stack(0x0000000026ee0000,0x0000000026fe0000)]
  0x00000000196b9800 JavaThread "Java2D Disposer" daemon [_thread_blocked, id=7144, stack(0x00000000264e0000,0x00000000265e0000)]
  0x0000000019698000 JavaThread "Cache worker for file content cache (C:\Users\MaiTuanAnhLapTop\.gradle\caches\5.4.1\fileContent)" [_thread_blocked, id=10540, stack(0x00000000259e0000,0x0000000025ae0000)]
  0x000000001968f800 JavaThread "Memory manager" [_thread_blocked, id=10140, stack(0x0000000023980000,0x0000000023a80000)]
  0x0000000018c87000 JavaThread "Cache worker for execution history cache (C:\Users\MaiTuanAnhLapTop\.gradle\caches\5.4.1\executionHistory)" [_thread_blocked, id=8180, stack(0x00000000203d0000,0x00000000204d0000)]
  0x0000000018c85800 JavaThread "Cache worker for journal cache (C:\Users\MaiTuanAnhLapTop\.gradle\caches\journal-1)" [_thread_blocked, id=10936, stack(0x000000001c0f0000,0x000000001c1f0000)]
  0x0000000018c88800 JavaThread "File lock request listener" [_thread_in_native, id=7920, stack(0x000000001bff0000,0x000000001c0f0000)]
  0x0000000018c87800 JavaThread "Cache worker for file hash cache (C:\Users\MaiTuanAnhLapTop\.gradle\caches\5.4.1\fileHashes)" [_thread_blocked, id=5460, stack(0x000000001bef0000,0x000000001bff0000)]
  0x0000000018c61800 JavaThread "Daemon periodic checks" [_thread_blocked, id=10788, stack(0x000000001b4f0000,0x000000001b5f0000)]
  0x0000000018664000 JavaThread "Incoming local TCP Connector on port 51228" [_thread_in_native, id=3068, stack(0x000000001b2b0000,0x000000001b3b0000)]
  0x00000000198aa800 JavaThread "Daemon health stats" [_thread_blocked, id=5228, stack(0x000000001ac70000,0x000000001ad70000)]
  0x0000000017efa000 JavaThread "Service Thread" daemon [_thread_blocked, id=368, stack(0x00000000182d0000,0x00000000183d0000)]
  0x00000000165da000 JavaThread "C1 CompilerThread2" daemon [_thread_blocked, id=2984, stack(0x0000000017dd0000,0x0000000017ed0000)]
=>0x000000001658c800 JavaThread "C2 CompilerThread1" daemon [_thread_in_native, id=6796, stack(0x0000000017cd0000,0x0000000017dd0000)]
  0x0000000016587000 JavaThread "C2 CompilerThread0" daemon [_thread_blocked, id=9812, stack(0x0000000017bd0000,0x0000000017cd0000)]
  0x0000000016585800 JavaThread "Attach Listener" daemon [_thread_blocked, id=1440, stack(0x0000000017ad0000,0x0000000017bd0000)]
  0x0000000016584000 JavaThread "Signal Dispatcher" daemon [_thread_blocked, id=9160, stack(0x00000000179d0000,0x0000000017ad0000)]
  0x0000000002bec000 JavaThread "Finalizer" daemon [_thread_blocked, id=72, stack(0x00000000177d0000,0x00000000178d0000)]
  0x0000000002be2000 JavaThread "Reference Handler" daemon [_thread_blocked, id=10408, stack(0x00000000176d0000,0x00000000177d0000)]
  0x0000000002af2800 JavaThread "main" [_thread_blocked, id=1672, stack(0x0000000001200000,0x0000000001300000)]

Other Threads:
  0x0000000016547800 VMThread [stack: 0x00000000175d0000,0x00000000176d0000] [id=9016]
  0x0000000017efb800 WatcherThread [stack: 0x00000000183d0000,0x00000000184d0000] [id=2224]

VM state:not at safepoint (normal execution)

VM Mutex/Monitor currently owned by a thread: None

heap address: 0x00000000a0000000, size: 1536 MB, Compressed Oops mode: 32-bit
Narrow klass base: 0x0000000000000000, Narrow klass shift: 3
Compressed class space size: 1073741824 Address: 0x0000000100000000

Heap:
 PSYoungGen      total 408576K, used 153862K [0x00000000e0000000, 0x00000000faf00000, 0x0000000100000000)
  eden space 396288K, 36% used [0x00000000e0000000,0x00000000e8b73058,0x00000000f8300000)
  from space 12288K, 90% used [0x00000000fa300000,0x00000000fadce920,0x00000000faf00000)
  to   space 22528K, 0% used [0x00000000f8300000,0x00000000f8300000,0x00000000f9900000)
 ParOldGen       total 175616K, used 62865K [0x00000000a0000000, 0x00000000aab80000, 0x00000000e0000000)
  object space 175616K, 35% used [0x00000000a0000000,0x00000000a3d64648,0x00000000aab80000)
 Metaspace       used 100275K, capacity 105384K, committed 105600K, reserved 1140736K
  class space    used 13188K, capacity 14088K, committed 14208K, reserved 1048576K

Card table byte_map: [0x0000000011fb0000,0x00000000122c0000] byte_map_base: 0x0000000011ab0000

Marking Bits: (ParMarkBitMap*) 0x00000000616a4ce0
 Begin Bits: [0x00000000128c0000, 0x00000000140c0000)
 End Bits:   [0x00000000140c0000, 0x00000000158c0000)

Polling page: 0x0000000000dd0000

CodeCache: size=245760Kb used=55851Kb max_used=55922Kb free=189908Kb
 bounds [0x0000000002bf0000, 0x00000000062f0000, 0x0000000011bf0000]
 total_blobs=17223 nmethods=16225 adapters=908
 compilation: enabled

Compilation events (10 events):
Event: 3633.294 Thread 0x0000000016587000 nmethod 19921% 0x00000000062c9210 code [0x00000000062c9c80, 0x00000000062d3610]
Event: 3633.295 Thread 0x000000001658c800 19933 %     4       org.objectweb.asm.ClassReader::readCode @ 71 (5089 bytes)
Event: 3633.359 Thread 0x00000000165da000 19934       3       org.objectweb.asm.Type::getObjectType (31 bytes)
Event: 3633.360 Thread 0x00000000165da000 nmethod 19934 0x0000000002d51350 code [0x0000000002d514e0, 0x0000000002d51aa8]
Event: 3633.966 Thread 0x00000000165da000 19935       3       com.google.common.math.IntMath::saturatedMultiply (9 bytes)
Event: 3633.967 Thread 0x00000000165da000 nmethod 19935 0x0000000006259890 code [0x0000000006259a00, 0x0000000006259c50]
Event: 3634.027 Thread 0x00000000165da000 19936       3       org.objectweb.asm.ClassReader::readLong (29 bytes)
Event: 3634.027 Thread 0x00000000165da000 nmethod 19936 0x0000000004248d50 code [0x0000000004248ec0, 0x00000000042490d8]
Event: 3634.031 Thread 0x00000000165da000 19937       3       org.objectweb.asm.SymbolTable::addConstantLongOrDouble (109 bytes)
Event: 3634.032 Thread 0x00000000165da000 nmethod 19937 0x0000000002d31bd0 code [0x0000000002d31da0, 0x0000000002d323b8]

GC Heap History (10 events):
Event: 649.029 GC heap before
{Heap before GC invocations=20 (full 3):
 PSYoungGen      total 316416K, used 178251K [0x00000000e0000000, 0x00000000f4c00000, 0x0000000100000000)
  eden space 296960K, 54% used [0x00000000e0000000,0x00000000e9eb1900,0x00000000f2200000)
  from space 19456K, 80% used [0x00000000f3900000,0x00000000f4861540,0x00000000f4c00000)
  to   space 21504K, 0% used [0x00000000f2200000,0x00000000f2200000,0x00000000f3700000)
 ParOldGen       total 120320K, used 48298K [0x00000000a0000000, 0x00000000a7580000, 0x00000000e0000000)
  object space 120320K, 40% used [0x00000000a0000000,0x00000000a2f2a800,0x00000000a7580000)
 Metaspace       used 94285K, capacity 98284K, committed 98380K, reserved 1134592K
  class space    used 12477K, capacity 13248K, committed 13312K, reserved 1048576K
Event: 649.086 GC heap after
Heap after GC invocations=20 (full 3):
 PSYoungGen      total 318464K, used 21490K [0x00000000e0000000, 0x00000000f8600000, 0x0000000100000000)
  eden space 296960K, 0% used [0x00000000e0000000,0x00000000e0000000,0x00000000f2200000)
  from space 21504K, 99% used [0x00000000f2200000,0x00000000f36fc9e0,0x00000000f3700000)
  to   space 24576K, 0% used [0x00000000f6e00000,0x00000000f6e00000,0x00000000f8600000)
 ParOldGen       total 120320K, used 48556K [0x00000000a0000000, 0x00000000a7580000, 0x00000000e0000000)
  object space 120320K, 40% used [0x00000000a0000000,0x00000000a2f6b118,0x00000000a7580000)
 Metaspace       used 94285K, capacity 98284K, committed 98380K, reserved 1134592K
  class space    used 12477K, capacity 13248K, committed 13312K, reserved 1048576K
}
Event: 649.087 GC heap before
{Heap before GC invocations=21 (full 4):
 PSYoungGen      total 318464K, used 21490K [0x00000000e0000000, 0x00000000f8600000, 0x0000000100000000)
  eden space 296960K, 0% used [0x00000000e0000000,0x00000000e0000000,0x00000000f2200000)
  from space 21504K, 99% used [0x00000000f2200000,0x00000000f36fc9e0,0x00000000f3700000)
  to   space 24576K, 0% used [0x00000000f6e00000,0x00000000f6e00000,0x00000000f8600000)
 ParOldGen       total 120320K, used 48556K [0x00000000a0000000, 0x00000000a7580000, 0x00000000e0000000)
  object space 120320K, 40% used [0x00000000a0000000,0x00000000a2f6b118,0x00000000a7580000)
 Metaspace       used 94285K, capacity 98284K, committed 98380K, reserved 1134592K
  class space    used 12477K, capacity 13248K, committed 13312K, reserved 1048576K
Event: 649.622 GC heap after
Heap after GC invocations=21 (full 4):
 PSYoungGen      total 318464K, used 0K [0x00000000e0000000, 0x00000000f8600000, 0x0000000100000000)
  eden space 296960K, 0% used [0x00000000e0000000,0x00000000e0000000,0x00000000f2200000)
  from space 21504K, 0% used [0x00000000f2200000,0x00000000f2200000,0x00000000f3700000)
  to   space 24576K, 0% used [0x00000000f6e00000,0x00000000f6e00000,0x00000000f8600000)
 ParOldGen       total 175616K, used 62806K [0x00000000a0000000, 0x00000000aab80000, 0x00000000e0000000)
  object space 175616K, 35% used [0x00000000a0000000,0x00000000a3d55be8,0x00000000aab80000)
 Metaspace       used 94162K, capacity 97962K, committed 98380K, reserved 1134592K
  class space    used 12435K, capacity 13177K, committed 13312K, reserved 1048576K
}
Event: 653.837 GC heap before
{Heap before GC invocations=22 (full 4):
 PSYoungGen      total 318464K, used 296960K [0x00000000e0000000, 0x00000000f8600000, 0x0000000100000000)
  eden space 296960K, 100% used [0x00000000e0000000,0x00000000f2200000,0x00000000f2200000)
  from space 21504K, 0% used [0x00000000f2200000,0x00000000f2200000,0x00000000f3700000)
  to   space 24576K, 0% used [0x00000000f6e00000,0x00000000f6e00000,0x00000000f8600000)
 ParOldGen       total 175616K, used 62832K [0x00000000a0000000, 0x00000000aab80000, 0x00000000e0000000)
  object space 175616K, 35% used [0x00000000a0000000,0x00000000a3d5c1c8,0x00000000aab80000)
 Metaspace       used 96557K, capacity 100672K, committed 100864K, reserved 1136640K
  class space    used 12768K, capacity 13552K, committed 13568K, reserved 1048576K
Event: 653.851 GC heap after
Heap after GC invocations=22 (full 4):
 PSYoungGen      total 374784K, used 5904K [0x00000000e0000000, 0x00000000f8800000, 0x0000000100000000)
  eden space 350208K, 0% used [0x00000000e0000000,0x00000000e0000000,0x00000000f5600000)
  from space 24576K, 24% used [0x00000000f6e00000,0x00000000f73c40f8,0x00000000f8600000)
  to   space 24576K, 0% used [0x00000000f5600000,0x00000000f5600000,0x00000000f6e00000)
 ParOldGen       total 175616K, used 62840K [0x00000000a0000000, 0x00000000aab80000, 0x00000000e0000000)
  object space 175616K, 35% used [0x00000000a0000000,0x00000000a3d5e1c8,0x00000000aab80000)
 Metaspace       used 96557K, capacity 100672K, committed 100864K, reserved 1136640K
  class space    used 12768K, capacity 13552K, committed 13568K, reserved 1048576K
}
Event: 1288.454 GC heap before
{Heap before GC invocations=23 (full 4):
 PSYoungGen      total 374784K, used 356112K [0x00000000e0000000, 0x00000000f8800000, 0x0000000100000000)
  eden space 350208K, 100% used [0x00000000e0000000,0x00000000f5600000,0x00000000f5600000)
  from space 24576K, 24% used [0x00000000f6e00000,0x00000000f73c40f8,0x00000000f8600000)
  to   space 24576K, 0% used [0x00000000f5600000,0x00000000f5600000,0x00000000f6e00000)
 ParOldGen       total 175616K, used 62849K [0x00000000a0000000, 0x00000000aab80000, 0x00000000e0000000)
  object space 175616K, 35% used [0x00000000a0000000,0x00000000a3d60648,0x00000000aab80000)
 Metaspace       used 99474K, capacity 104446K, committed 104704K, reserved 1140736K
  class space    used 13131K, capacity 14010K, committed 14080K, reserved 1048576K
Event: 1288.596 GC heap after
Heap after GC invocations=23 (full 4):
 PSYoungGen      total 374784K, used 8755K [0x00000000e0000000, 0x00000000fba00000, 0x0000000100000000)
  eden space 350208K, 0% used [0x00000000e0000000,0x00000000e0000000,0x00000000f5600000)
  from space 24576K, 35% used [0x00000000f5600000,0x00000000f5e8cdd8,0x00000000f6e00000)
  to   space 23552K, 0% used [0x00000000fa300000,0x00000000fa300000,0x00000000fba00000)
 ParOldGen       total 175616K, used 62857K [0x00000000a0000000, 0x00000000aab80000, 0x00000000e0000000)
  object space 175616K, 35% used [0x00000000a0000000,0x00000000a3d62648,0x00000000aab80000)
 Metaspace       used 99474K, capacity 104446K, committed 104704K, reserved 1140736K
  class space    used 13131K, capacity 14010K, committed 14080K, reserved 1048576K
}
Event: 3630.662 GC heap before
{Heap before GC invocations=24 (full 4):
 PSYoungGen      total 374784K, used 358963K [0x00000000e0000000, 0x00000000fba00000, 0x0000000100000000)
  eden space 350208K, 100% used [0x00000000e0000000,0x00000000f5600000,0x00000000f5600000)
  from space 24576K, 35% used [0x00000000f5600000,0x00000000f5e8cdd8,0x00000000f6e00000)
  to   space 23552K, 0% used [0x00000000fa300000,0x00000000fa300000,0x00000000fba00000)
 ParOldGen       total 175616K, used 62857K [0x00000000a0000000, 0x00000000aab80000, 0x00000000e0000000)
  object space 175616K, 35% used [0x00000000a0000000,0x00000000a3d62648,0x00000000aab80000)
 Metaspace       used 100272K, capacity 105384K, committed 105600K, reserved 1140736K
  class space    used 13188K, capacity 14088K, committed 14208K, reserved 1048576K
Event: 3630.723 GC heap after
Heap after GC invocations=24 (full 4):
 PSYoungGen      total 408576K, used 11066K [0x00000000e0000000, 0x00000000faf00000, 0x0000000100000000)
  eden space 396288K, 0% used [0x00000000e0000000,0x00000000e0000000,0x00000000f8300000)
  from space 12288K, 90% used [0x00000000fa300000,0x00000000fadce920,0x00000000faf00000)
  to   space 22528K, 0% used [0x00000000f8300000,0x00000000f8300000,0x00000000f9900000)
 ParOldGen       total 175616K, used 62865K [0x00000000a0000000, 0x00000000aab80000, 0x00000000e0000000)
  object space 175616K, 35% used [0x00000000a0000000,0x00000000a3d64648,0x00000000aab80000)
 Metaspace       used 100272K, capacity 105384K, committed 105600K, reserved 1140736K
  class space    used 13188K, capacity 14088K, committed 14208K, reserved 1048576K
}

Deoptimization events (10 events):
Event: 3627.233 Thread 0x000000001969b000 Uncommon trap: reason=class_check action=maybe_recompile pc=0x00000000061a2b20 method=com.google.gson.stream.JsonWriter.beforeValue()V @ 111
Event: 3627.233 Thread 0x000000001969b000 Uncommon trap: reason=class_check action=maybe_recompile pc=0x00000000061a2b20 method=com.google.gson.stream.JsonWriter.beforeValue()V @ 111
Event: 3630.575 Thread 0x0000000019690800 Uncommon trap: reason=bimorphic action=maybe_recompile pc=0x000000000625456c method=com.google.common.collect.NaturalOrdering.compare(Ljava/lang/Comparable;Ljava/lang/Comparable;)I @ 12
Event: 3630.575 Thread 0x0000000019690800 Uncommon trap: reason=bimorphic action=maybe_recompile pc=0x000000000625456c method=com.google.common.collect.NaturalOrdering.compare(Ljava/lang/Comparable;Ljava/lang/Comparable;)I @ 12
Event: 3630.580 Thread 0x0000000019690800 Uncommon trap: reason=bimorphic action=maybe_recompile pc=0x000000000625456c method=com.google.common.collect.NaturalOrdering.compare(Ljava/lang/Comparable;Ljava/lang/Comparable;)I @ 12
Event: 3630.580 Thread 0x0000000019690800 Uncommon trap: reason=bimorphic action=maybe_recompile pc=0x000000000625456c method=com.google.common.collect.NaturalOrdering.compare(Ljava/lang/Comparable;Ljava/lang/Comparable;)I @ 12
Event: 3630.980 Thread 0x0000000019690800 Uncommon trap: reason=unstable_if action=reinterpret pc=0x00000000048e75f8 method=org.objectweb.asm.ClassReader.readUtf(II[C)Ljava/lang/String; @ 41
Event: 3632.153 Thread 0x0000000019690800 Uncommon trap: reason=class_check action=maybe_recompile pc=0x0000000004d58778 method=org.objectweb.asm.ClassReader.readCode(Lorg/objectweb/asm/MethodVisitor;Lorg/objectweb/asm/Context;I)V @ 3875
Event: 3632.281 Thread 0x0000000019690800 Uncommon trap: reason=class_check action=maybe_recompile pc=0x0000000004d582e4 method=org.objectweb.asm.ClassReader.readCode(Lorg/objectweb/asm/MethodVisitor;Lorg/objectweb/asm/Context;I)V @ 3856
Event: 3632.281 Thread 0x0000000019690800 Uncommon trap: reason=class_check action=maybe_recompile pc=0x0000000004d582e4 method=org.objectweb.asm.ClassReader.readCode(Lorg/objectweb/asm/MethodVisitor;Lorg/objectweb/asm/Context;I)V @ 3856

Classes redefined (0 events):
No events

Internal exceptions (10 events):
Event: 1288.084 Thread 0x000000001d315000 Exception <a 'java/lang/ClassNotFoundException': build_683wvuy8i8v8xby441b006gah$_run_closure1$_closure4Customizer> (0x00000000f4b29a00) thrown at [C:\re\workspace\8-2-build-windows-amd64-cygwin\jdk8u201\12322\hotspot\src\share\vm\classfile\systemDictiona
Event: 1288.090 Thread 0x000000001d315000 Exception <a 'java/lang/ClassNotFoundException': build_683wvuy8i8v8xby441b006gah$_run_closure1BeanInfo> (0x00000000f4b537e8) thrown at [C:\re\workspace\8-2-build-windows-amd64-cygwin\jdk8u201\12322\hotspot\src\share\vm\classfile\systemDictionary.cpp, line
Event: 1288.091 Thread 0x000000001d315000 Exception <a 'java/lang/ClassNotFoundException': build_683wvuy8i8v8xby441b006gah$_run_closure1Customizer> (0x00000000f4b64780) thrown at [C:\re\workspace\8-2-build-windows-amd64-cygwin\jdk8u201\12322\hotspot\src\share\vm\classfile\systemDictionary.cpp, li
Event: 1288.324 Thread 0x000000001d315000 Exception <a 'java/lang/ClassNotFoundException': org/jetbrains/plugins/gradle/tooling/util/SourceSetCachedFinderBeanInfo> (0x00000000f5421d80) thrown at [C:\re\workspace\8-2-build-windows-amd64-cygwin\jdk8u201\12322\hotspot\src\share\vm\classfile\systemDi
Event: 1288.325 Thread 0x000000001d315000 Exception <a 'java/lang/ClassNotFoundException': org/jetbrains/plugins/gradle/tooling/util/SourceSetCachedFinderCustomizer> (0x00000000f5433e70) thrown at [C:\re\workspace\8-2-build-windows-amd64-cygwin\jdk8u201\12322\hotspot\src\share\vm\classfile\system
Event: 1292.064 Thread 0x000000001d323000 Exception <a 'sun/nio/fs/WindowsException'> (0x00000000e4c04468) thrown at [C:\re\workspace\8-2-build-windows-amd64-cygwin\jdk8u201\12322\hotspot\src\share\vm\prims\jni.cpp, line 709]
Event: 1293.500 Thread 0x000000001d315000 Exception <a 'sun/nio/fs/WindowsException'> (0x00000000e49f31f8) thrown at [C:\re\workspace\8-2-build-windows-amd64-cygwin\jdk8u201\12322\hotspot\src\share\vm\prims\jni.cpp, line 709]
Event: 3621.261 Thread 0x0000000019690800 Implicit null exception at 0x0000000003038e1f to 0x0000000003038f4d
Event: 3622.550 Thread 0x000000001d316800 Exception <a 'sun/nio/fs/WindowsException'> (0x00000000ea6d7c38) thrown at [C:\re\workspace\8-2-build-windows-amd64-cygwin\jdk8u201\12322\hotspot\src\share\vm\prims\jni.cpp, line 709]
Event: 3627.171 Thread 0x000000001969b000 Implicit null exception at 0x0000000005ad230f to 0x0000000005ad2d2b

Events (10 events):
Event: 3633.361 Thread 0x00000000165da000 flushing nmethod 0x00000000035f11d0
Event: 3633.362 Thread 0x00000000165da000 flushing nmethod 0x00000000036f7890
Event: 3633.362 Thread 0x00000000165da000 flushing nmethod 0x00000000036f7c50
Event: 3633.967 Thread 0x00000000165da000 flushing nmethod 0x00000000038cc6d0
Event: 3633.968 Thread 0x00000000165da000 flushing nmethod 0x00000000039b0bd0
Event: 3633.968 Thread 0x00000000165da000 flushing nmethod 0x00000000039b1090
Event: 3634.027 Thread 0x00000000165da000 flushing nmethod 0x0000000003a89850
Event: 3634.028 Thread 0x00000000165da000 flushing nmethod 0x0000000003b727d0
Event: 3634.028 Thread 0x00000000165da000 flushing nmethod 0x0000000003c89510
Event: 3634.033 Thread 0x00000000165da000 flushing nmethod 0x0000000003ec7c10


Dynamic libraries:
0x00007ff798710000 - 0x00007ff798747000 	C:\Program Files\Java\jdk1.8.0_201\bin\java.exe
0x00007ff9e5ce0000 - 0x00007ff9e5ecd000 	C:\WINDOWS\SYSTEM32\ntdll.dll
0x00007ff9e41b0000 - 0x00007ff9e4263000 	C:\WINDOWS\System32\KERNEL32.DLL
0x00007ff9e2220000 - 0x00007ff9e24b3000 	C:\WINDOWS\System32\KERNELBASE.dll
0x00007ff9e3770000 - 0x00007ff9e3813000 	C:\WINDOWS\System32\ADVAPI32.dll
0x00007ff9e3f00000 - 0x00007ff9e3f9e000 	C:\WINDOWS\System32\msvcrt.dll
0x00007ff9e32b0000 - 0x00007ff9e334e000 	C:\WINDOWS\System32\sechost.dll
0x00007ff9e4680000 - 0x00007ff9e47a2000 	C:\WINDOWS\System32\RPCRT4.dll
0x00007ff9e3d60000 - 0x00007ff9e3ef7000 	C:\WINDOWS\System32\USER32.dll
0x00007ff9e2710000 - 0x00007ff9e2730000 	C:\WINDOWS\System32\win32u.dll
0x00007ff9e4180000 - 0x00007ff9e41a9000 	C:\WINDOWS\System32\GDI32.dll
0x00007ff9e1da0000 - 0x00007ff9e1f39000 	C:\WINDOWS\System32\gdi32full.dll
0x00007ff9e24c0000 - 0x00007ff9e2560000 	C:\WINDOWS\System32\msvcp_win.dll
0x00007ff9e2560000 - 0x00007ff9e265a000 	C:\WINDOWS\System32\ucrtbase.dll
0x00007ff9d3a90000 - 0x00007ff9d3d09000 	C:\WINDOWS\WinSxS\amd64_microsoft.windows.common-controls_6595b64144ccf1df_6.0.17763.737_none_05b6437c071e554b\COMCTL32.dll
0x00007ff9e4270000 - 0x00007ff9e459c000 	C:\WINDOWS\System32\combase.dll
0x00007ff9e2730000 - 0x00007ff9e27ae000 	C:\WINDOWS\System32\bcryptPrimitives.dll
0x00007ff9e30d0000 - 0x00007ff9e30fe000 	C:\WINDOWS\System32\IMM32.DLL
0x0000000061730000 - 0x0000000061801000 	C:\Program Files\Java\jdk1.8.0_201\jre\bin\msvcr100.dll
0x0000000060e80000 - 0x0000000061724000 	C:\Program Files\Java\jdk1.8.0_201\jre\bin\server\jvm.dll
0x00007ff9e3820000 - 0x00007ff9e3828000 	C:\WINDOWS\System32\PSAPI.DLL
0x00007ff9d6840000 - 0x00007ff9d684a000 	C:\WINDOWS\SYSTEM32\VERSION.dll
0x00007ff9de690000 - 0x00007ff9de6b4000 	C:\WINDOWS\SYSTEM32\WINMM.dll
0x00007ff9de270000 - 0x00007ff9de279000 	C:\WINDOWS\SYSTEM32\WSOCK32.dll
0x00007ff9e4110000 - 0x00007ff9e417d000 	C:\WINDOWS\System32\WS2_32.dll
0x00007ff9de660000 - 0x00007ff9de68d000 	C:\WINDOWS\SYSTEM32\WINMMBASE.dll
0x00007ff9e2660000 - 0x00007ff9e26aa000 	C:\WINDOWS\System32\cfgmgr32.dll
0x00007ff9dcb30000 - 0x00007ff9dcb3f000 	C:\Program Files\Java\jdk1.8.0_201\jre\bin\verify.dll
0x00007ff9d65b0000 - 0x00007ff9d65d9000 	C:\Program Files\Java\jdk1.8.0_201\jre\bin\java.dll
0x00007ff9dbbf0000 - 0x00007ff9dbc06000 	C:\Program Files\Java\jdk1.8.0_201\jre\bin\zip.dll
0x00007ff9e47b0000 - 0x00007ff9e5ca2000 	C:\WINDOWS\System32\SHELL32.dll
0x00007ff9e3cb0000 - 0x00007ff9e3d58000 	C:\WINDOWS\System32\shcore.dll
0x00007ff9e27b0000 - 0x00007ff9e2efa000 	C:\WINDOWS\System32\windows.storage.dll
0x00007ff9e1d30000 - 0x00007ff9e1d54000 	C:\WINDOWS\System32\profapi.dll
0x00007ff9e1cd0000 - 0x00007ff9e1d2d000 	C:\WINDOWS\System32\powrprof.dll
0x00007ff9e3630000 - 0x00007ff9e3682000 	C:\WINDOWS\System32\shlwapi.dll
0x00007ff9e1d60000 - 0x00007ff9e1d71000 	C:\WINDOWS\System32\kernel.appcore.dll
0x00007ff9e1f70000 - 0x00007ff9e1f87000 	C:\WINDOWS\System32\cryptsp.dll
0x00007ff9da570000 - 0x00007ff9da58a000 	C:\Program Files\Java\jdk1.8.0_201\jre\bin\net.dll
0x00007ff9d3550000 - 0x00007ff9d3727000 	C:\WINDOWS\SYSTEM32\urlmon.dll
0x00007ff9d6ee0000 - 0x00007ff9d7188000 	C:\WINDOWS\SYSTEM32\iertutil.dll
0x00007ff9e1710000 - 0x00007ff9e171c000 	C:\WINDOWS\SYSTEM32\CRYPTBASE.DLL
0x00007ff9e1540000 - 0x00007ff9e15a7000 	C:\WINDOWS\system32\mswsock.dll
0x00007ff9d8660000 - 0x00007ff9d8671000 	C:\Program Files\Java\jdk1.8.0_201\jre\bin\nio.dll
0x00007ff9d85c0000 - 0x00007ff9d85e6000 	C:\Users\MaiTuanAnhLapTop\.gradle\native\29\windows-amd64\native-platform.dll
0x00007ff9dcb20000 - 0x00007ff9dcb2d000 	C:\Program Files\Java\jdk1.8.0_201\jre\bin\management.dll
0x00007ff9e10c0000 - 0x00007ff9e10f3000 	C:\WINDOWS\system32\rsaenh.dll
0x00007ff9e1f40000 - 0x00007ff9e1f66000 	C:\WINDOWS\System32\bcrypt.dll
0x00007ff9e1bd0000 - 0x00007ff9e1bf8000 	C:\WINDOWS\SYSTEM32\USERENV.dll
0x00007ff9e1260000 - 0x00007ff9e129d000 	C:\WINDOWS\SYSTEM32\IPHLPAPI.DLL
0x00007ff9e4670000 - 0x00007ff9e4678000 	C:\WINDOWS\System32\NSI.dll
0x00007ff9da030000 - 0x00007ff9da046000 	C:\WINDOWS\SYSTEM32\dhcpcsvc6.DLL
0x00007ff9da010000 - 0x00007ff9da02c000 	C:\WINDOWS\SYSTEM32\dhcpcsvc.DLL
0x00007ff9e12a0000 - 0x00007ff9e1366000 	C:\WINDOWS\SYSTEM32\DNSAPI.dll
0x00007ff9d6580000 - 0x00007ff9d65a4000 	C:\Program Files\Java\jdk1.8.0_201\jre\bin\sunec.dll
0x00007ff9d15a0000 - 0x00007ff9d15aa000 	C:\Windows\System32\rasadhlp.dll
0x00007ff9d8050000 - 0x00007ff9d80c9000 	C:\WINDOWS\System32\fwpuclnt.dll
0x00007ff9ddb20000 - 0x00007ff9ddb2b000 	C:\Program Files\Java\jdk1.8.0_201\jre\bin\sunmscapi.dll
0x00007ff9e1f90000 - 0x00007ff9e216b000 	C:\WINDOWS\System32\CRYPT32.dll
0x00007ff9e1d80000 - 0x00007ff9e1d92000 	C:\WINDOWS\System32\MSASN1.dll
0x00007ff9b9f40000 - 0x00007ff9ba0d9000 	C:\Program Files\Java\jdk1.8.0_201\jre\bin\awt.dll
0x00007ff9e45a0000 - 0x00007ff9e4664000 	C:\WINDOWS\System32\OLEAUT32.dll
0x00007ff9dff40000 - 0x00007ff9dffcc000 	C:\WINDOWS\SYSTEM32\apphelp.dll
0x00007ff9e0370000 - 0x00007ff9e039e000 	C:\WINDOWS\system32\DWMAPI.DLL
0x00007ff9e0070000 - 0x00007ff9e010c000 	C:\WINDOWS\system32\uxtheme.dll
0x00007ff9dce20000 - 0x00007ff9dce4a000 	C:\Program Files\Java\jdk1.8.0_201\jre\bin\dcpr.dll

VM Arguments:
jvm_args: -Xmx1536m -Dfile.encoding=windows-1252 -Duser.country=US -Duser.language=en -Duser.variant 
java_command: org.gradle.launcher.daemon.bootstrap.GradleDaemon 5.4.1
java_class_path (initial): C:\Users\MaiTuanAnhLapTop\.gradle\wrapper\dists\gradle-5.4.1-all\3221gyojl5jsh0helicew7rwx\gradle-5.4.1\lib\gradle-launcher-5.4.1.jar
Launcher Type: SUN_STANDARD

Environment Variables:
JAVA_HOME=C:\Program Files\Java\jdk1.8.0_201
PATH="C:\Program Files (x86)\Common Files\Oracle\Java\javapath;D:\software_study\java\apache-maven-3.6.1-bin\apache-maven-3.6.1\bin;C:\Program Files\Java\jdk1.8.0_201\bin";"C:\Program Files\Java\jdk1.8.0_201\bin;C:\Program Files (x86)\Common Files\Oracle\Java\javapath;D:\software_study\java\apache-maven-3.6.1-bin\apache-maven-3.6.1\bin;C:\Program Files\Java\jdk1.8.0_201\bin";C:\WINDOWS\system32;C:\WINDOWS;C:\WINDOWS\System32\Wbem;C:\WINDOWS\System32\WindowsPowerShell\v1.0\;C:\WINDOWS\System32\OpenSSH\;C:\Program Files (x86)\NVIDIA Corporation\PhysX\Common;C:\Program Files\Git\cmd;C:\Program Files\NVIDIA Corporation\NVIDIA NvDLISR;C:\WINDOWS\system32;C:\WINDOWS;C:\WINDOWS\System32\Wbem;C:\WINDOWS\System32\WindowsPowerShell\v1.0\;C:\WINDOWS\System32\OpenSSH\;C:\Program Files\Java\jdk1.8.0_201\bin;C:\xampp\php;C:\ProgramData\ComposerSetup\bin;C:\flutter\flutter\bin;C:\Users\MaiTuanAnhLapTop\AppData\Local\Microsoft\WindowsApps;%DASHLANE_DLL_DIR%;C:\Users\MaiTuanAnhLapTop\AppData\Roaming\Composer\vendor\bin;%IntelliJ IDEA Community Edition%;C:\flutter\flutter\bin;
USERNAME=MaiTuanAnhLapTop
OS=Windows_NT
PROCESSOR_IDENTIFIER=Intel64 Family 6 Model 61 Stepping 4, GenuineIntel



---------------  S Y S T E M  ---------------

OS: Windows 10.0 , 64 bit Build 17763 (10.0.17763.475)

CPU:total 4 (initial active 4) (2 cores per cpu, 2 threads per core) family 6 model 61 stepping 4, cmov, cx8, fxsr, mmx, sse, sse2, sse3, ssse3, sse4.1, sse4.2, popcnt, avx, avx2, aes, clmul, erms, 3dnowpref, lzcnt, ht, tsc, tscinvbit, bmi1, bmi2, adx

Memory: 4k page, physical 8296264k(1476284k free), swap 8296264k(1628k free)

vm_info: Java HotSpot(TM) 64-Bit Server VM (25.201-b09) for windows-amd64 JRE (1.8.0_201-b09), built on Dec 15 2018 18:36:39 by "java_re" with MS VC++ 10.0 (VS2010)

time: Mon Sep 23 14:16:25 2019
timezone: SE Asia Standard Time
elapsed time: 3634 seconds (0d 1h 0m 34s)

