#
# There is insufficient memory for the Java Runtime Environment to continue.
# Native memory allocation (malloc) failed to allocate 1048976 bytes for Chunk::new
# Possible reasons:
#   The system is out of physical RAM or swap space
#   The process is running with CompressedOops enabled, and the Java Heap may be blocking the growth of the native heap
# Possible solutions:
#   Reduce memory load on the system
#   Increase physical memory or swap space
#   Check if swap backing store is full
#   Decrease Java heap size (-Xmx/-Xms)
#   Decrease number of Java threads
#   Decrease Java thread stack sizes (-Xss)
#   Set larger code cache with -XX:ReservedCodeCacheSize=
#   JVM is running with Unscaled Compressed Oops mode in which the Java heap is
#     placed in the first 4GB address space. The Java Heap base address is the
#     maximum limit for the native heap growth. Please use -XX:HeapBaseMinAddress
#     to set the Java Heap base and to place the Java Heap above 4GB virtual address.
# This output file may be truncated or incomplete.
#
#  Out of Memory Error (allocation.cpp:390), pid=7764, tid=0x00000000000024b4
#
# JRE version: Java(TM) SE Runtime Environment (8.0_201-b09) (build 1.8.0_201-b09)
# Java VM: Java HotSpot(TM) 64-Bit Server VM (25.201-b09 mixed mode windows-amd64 compressed oops)
# Failed to write core dump. Minidumps are not enabled by default on client versions of Windows
#

---------------  T H R E A D  ---------------

Current thread (0x0000000016d97000):  JavaThread "C2 CompilerThread0" daemon [_thread_in_native, id=9396, stack(0x0000000018400000,0x0000000018500000)]

Stack: [0x0000000018400000,0x0000000018500000]
[error occurred during error reporting (printing stack bounds), id 0xc0000005]

Native frames: (J=compiled Java code, j=interpreted, Vv=VM code, C=native code)


Current CompileTask:
C2:3918157 20829       4       com.android.tools.r8.ir.optimize.PeepholeOptimizer::a (1322 bytes)


---------------  P R O C E S S  ---------------

Java Threads: ( => current thread )
  0x000000001d774000 JavaThread "WorkerExecutor Queue Thread 8" [_thread_blocked, id=8324, stack(0x000000002b370000,0x000000002b470000)]
  0x000000001d775800 JavaThread "Cache worker for Java compile cache (D:\Projects_all\AndroidHK2019\MyAppAndroid\.gradle\5.4.1\javaCompile)" [_thread_blocked, id=12588, stack(0x0000000029c30000,0x0000000029d30000)]
  0x000000001d774800 JavaThread "Cache worker for Java compile cache (C:\Users\MaiTuanAnhLapTop\.gradle\caches\5.4.1\javaCompile)" [_thread_blocked, id=7172, stack(0x0000000029b30000,0x0000000029c30000)]
  0x000000001d777000 JavaThread "stdout" [_thread_in_native, id=10620, stack(0x0000000028a60000,0x0000000028b60000)]
  0x000000001aa21000 JavaThread "stderr" [_thread_in_native, id=8120, stack(0x0000000028960000,0x0000000028a60000)]
  0x000000001aa20800 JavaThread "stdout" [_thread_in_native, id=9748, stack(0x0000000028860000,0x0000000028960000)]
  0x000000001aa1f000 JavaThread "stderr" [_thread_in_native, id=5588, stack(0x0000000028760000,0x0000000028860000)]
  0x000000001aa1c000 JavaThread "stdout" [_thread_in_native, id=7908, stack(0x0000000028660000,0x0000000028760000)]
  0x000000001aa1e000 JavaThread "stderr" [_thread_in_native, id=7532, stack(0x0000000028560000,0x0000000028660000)]
  0x000000001aa1d800 JavaThread "stdout" [_thread_in_native, id=9532, stack(0x0000000028460000,0x0000000028560000)]
  0x000000001aa1a000 JavaThread "stderr" [_thread_in_native, id=3372, stack(0x0000000028360000,0x0000000028460000)]
  0x000000001aa1f800 JavaThread "pool-6-thread-1" [_thread_blocked, id=6884, stack(0x0000000028260000,0x0000000028360000)]
  0x000000001aa1b000 JavaThread "Java2D Disposer" daemon [_thread_blocked, id=1068, stack(0x0000000028160000,0x0000000028260000)]
  0x0000000019007800 JavaThread "WorkerExecutor Queue Thread 3" [_thread_blocked, id=12372, stack(0x0000000027d60000,0x0000000027e60000)]
  0x0000000019006000 JavaThread "Cache worker for execution history cache (D:\Projects_all\AndroidHK2019\MyAppAndroid\.gradle\5.4.1\executionHistory)" [_thread_blocked, id=7952, stack(0x0000000027a60000,0x0000000027b60000)]
  0x0000000018e41800 JavaThread "Execution worker for ':' Thread 3" [_thread_in_Java, id=12540, stack(0x0000000027960000,0x0000000027a60000)]
  0x0000000018e40000 JavaThread "Execution worker for ':' Thread 2" [_thread_in_Java, id=6000, stack(0x0000000027860000,0x0000000027960000)]
  0x0000000018e41000 JavaThread "Execution worker for ':'" [_thread_blocked, id=7824, stack(0x0000000027760000,0x0000000027860000)]
  0x0000000018e3e800 JavaThread "Cache worker for file content cache (D:\Projects_all\AndroidHK2019\MyAppAndroid\.gradle\5.4.1\fileContent)" [_thread_blocked, id=11780, stack(0x0000000027660000,0x0000000027760000)]
  0x0000000018e3e000 JavaThread "Cache worker for file content cache (C:\Users\MaiTuanAnhLapTop\.gradle\caches\5.4.1\fileContent)" [_thread_blocked, id=10032, stack(0x0000000027560000,0x0000000027660000)]
  0x0000000018e3f800 JavaThread "Cache worker for Build Output Cleanup Cache (D:\Projects_all\AndroidHK2019\MyAppAndroid\.gradle\buildOutputCleanup)" [_thread_blocked, id=2952, stack(0x0000000027460000,0x0000000027560000)]
  0x0000000018e36800 JavaThread "Build operations Thread 4" [_thread_blocked, id=8856, stack(0x0000000027360000,0x0000000027460000)]
  0x0000000018e3d000 JavaThread "Build operations Thread 3" [_thread_blocked, id=8536, stack(0x0000000027260000,0x0000000027360000)]
  0x0000000018e3c800 JavaThread "Build operations Thread 2" [_thread_blocked, id=13252, stack(0x0000000027160000,0x0000000027260000)]
  0x0000000018e3b800 JavaThread "Build operations" [_thread_blocked, id=10672, stack(0x0000000027060000,0x0000000027160000)]
  0x0000000018e3a000 JavaThread "Cache worker for cache directory md-rule (C:\Users\MaiTuanAnhLapTop\.gradle\caches\5.4.1\md-rule)" [_thread_blocked, id=12768, stack(0x0000000026f60000,0x0000000027060000)]
  0x0000000018e3b000 JavaThread "Cache worker for cache directory md-supplier (C:\Users\MaiTuanAnhLapTop\.gradle\caches\5.4.1\md-supplier)" [_thread_blocked, id=6336, stack(0x0000000026e60000,0x0000000026f60000)]
  0x0000000018e35800 JavaThread "Cache worker for file hash cache (D:\Projects_all\AndroidHK2019\MyAppAndroid\.gradle\5.4.1\fileHashes)" [_thread_blocked, id=7716, stack(0x0000000026d60000,0x0000000026e60000)]
  0x0000000018e38800 JavaThread "Thread-51" [_thread_blocked, id=11864, stack(0x0000000026c60000,0x0000000026d60000)]
  0x0000000018e38000 JavaThread "Stdin handler" [_thread_blocked, id=5908, stack(0x0000000026b60000,0x0000000026c60000)]
  0x0000000018e34000 JavaThread "Asynchronous log dispatcher for DefaultDaemonConnection: socket connection from /127.0.0.1:52794 to /127.0.0.1:53141" [_thread_blocked, id=2288, stack(0x0000000026a60000,0x0000000026b60000)]
  0x0000000018e35000 JavaThread "Daemon worker Thread 3" [_thread_blocked, id=8268, stack(0x0000000026960000,0x0000000026a60000)]
  0x0000000018e39800 JavaThread "Cancel handler" [_thread_blocked, id=12012, stack(0x0000000026860000,0x0000000026960000)]
  0x0000000018e33800 JavaThread "Handler for socket connection from /127.0.0.1:52794 to /127.0.0.1:53141" [_thread_in_native, id=5448, stack(0x0000000026760000,0x0000000026860000)]
  0x0000000018e37000 JavaThread "Daemon Thread 3" [_thread_blocked, id=7760, stack(0x0000000026660000,0x0000000026760000)]
  0x0000000018e32800 JavaThread "Memory manager" [_thread_blocked, id=5140, stack(0x00000000236b0000,0x00000000237b0000)]
  0x0000000019003000 JavaThread "Cache worker for execution history cache (C:\Users\MaiTuanAnhLapTop\.gradle\caches\5.4.1\executionHistory)" [_thread_blocked, id=2380, stack(0x0000000020b60000,0x0000000020c60000)]
  0x0000000019005800 JavaThread "Cache worker for journal cache (C:\Users\MaiTuanAnhLapTop\.gradle\caches\journal-1)" [_thread_blocked, id=4040, stack(0x000000001c920000,0x000000001ca20000)]
  0x0000000019004800 JavaThread "File lock request listener" [_thread_in_native, id=3176, stack(0x000000001c820000,0x000000001c920000)]
  0x0000000019004000 JavaThread "Cache worker for file hash cache (C:\Users\MaiTuanAnhLapTop\.gradle\caches\5.4.1\fileHashes)" [_thread_blocked, id=3188, stack(0x000000001c720000,0x000000001c820000)]
  0x00000000190fb800 JavaThread "Daemon periodic checks" [_thread_blocked, id=8560, stack(0x000000001bd20000,0x000000001be20000)]
  0x0000000018e50800 JavaThread "Incoming local TCP Connector on port 52794" [_thread_in_native, id=11436, stack(0x000000001bae0000,0x000000001bbe0000)]
  0x000000001acef000 JavaThread "Daemon health stats" [_thread_blocked, id=4796, stack(0x000000001b4a0000,0x000000001b5a0000)]
  0x000000001872a000 JavaThread "Service Thread" daemon [_thread_blocked, id=7816, stack(0x0000000018b00000,0x0000000018c00000)]
  0x0000000016da9800 JavaThread "C1 CompilerThread2" daemon [_thread_blocked, id=732, stack(0x0000000018600000,0x0000000018700000)]
  0x0000000016d9a000 JavaThread "C2 CompilerThread1" daemon [_thread_in_native, id=9552, stack(0x0000000018500000,0x0000000018600000)]
=>0x0000000016d97000 JavaThread "C2 CompilerThread0" daemon [_thread_in_native, id=9396, stack(0x0000000018400000,0x0000000018500000)]
  0x0000000016d94800 JavaThread "Attach Listener" daemon [_thread_blocked, id=13256, stack(0x0000000018300000,0x0000000018400000)]
  0x0000000016d93800 JavaThread "Signal Dispatcher" daemon [_thread_blocked, id=1124, stack(0x0000000018200000,0x0000000018300000)]
  0x000000000341b000 JavaThread "Finalizer" daemon [_thread_blocked, id=1364, stack(0x0000000018000000,0x0000000018100000)]
  0x0000000003412000 JavaThread "Reference Handler" daemon [_thread_blocked, id=12488, stack(0x0000000017f00000,0x0000000018000000)]
  0x0000000003322800 JavaThread "main" [_thread_blocked, id=11976, stack(0x0000000003220000,0x0000000003320000)]

Other Threads:
  0x0000000016d57800 VMThread [stack: 0x0000000017e00000,0x0000000017f00000] [id=8764]
  0x000000001874b000 WatcherThread [stack: 0x0000000018c00000,0x0000000018d00000] [id=648]

VM state:not at safepoint (normal execution)

VM Mutex/Monitor currently owned by a thread: None

heap address: 0x00000000a0000000, size: 1536 MB, Compressed Oops mode: 32-bit
Narrow klass base: 0x0000000000000000, Narrow klass shift: 3
Compressed class space size: 1073741824 Address: 0x0000000100000000

Heap:
 PSYoungGen      total 476672K, used 403430K [0x00000000e0000000, 0x0000000100000000, 0x0000000100000000)
  eden space 436224K, 84% used [0x00000000e0000000,0x00000000f68b4200,0x00000000faa00000)
  from space 40448K, 84% used [0x00000000fd880000,0x00000000ff9c59b8,0x0000000100000000)
  to   space 44032K, 0% used [0x00000000faa00000,0x00000000faa00000,0x00000000fd500000)
 ParOldGen       total 179200K, used 47048K [0x00000000a0000000, 0x00000000aaf00000, 0x00000000e0000000)
  object space 179200K, 26% used [0x00000000a0000000,0x00000000a2df2008,0x00000000aaf00000)
 Metaspace       used 112781K, capacity 117240K, committed 117580K, reserved 1150976K
  class space    used 14558K, capacity 15388K, committed 15488K, reserved 1048576K

Card table byte_map: [0x00000000127e0000,0x0000000012af0000] byte_map_base: 0x00000000122e0000

Marking Bits: (ParMarkBitMap*) 0x00000000705f4ce0
 Begin Bits: [0x00000000130f0000, 0x00000000148f0000)
 End Bits:   [0x00000000148f0000, 0x00000000160f0000)

Polling page: 0x0000000001490000

CodeCache: size=245760Kb used=61203Kb max_used=61203Kb free=184556Kb
 bounds [0x0000000003420000, 0x0000000007070000, 0x0000000012420000]
 total_blobs=18005 nmethods=17038 adapters=875
 compilation: enabled

Compilation events (10 events):
Event: 3917.961 Thread 0x0000000016da9800 20904 %     3       com.android.tools.r8.graph.DexDebugEventBuilder::a @ 136 (261 bytes)
Event: 3917.964 Thread 0x0000000016da9800 nmethod 20904% 0x00000000063527d0 code [0x0000000006352bc0, 0x0000000006355008]
Event: 3917.964 Thread 0x0000000016da9800 20905       2       com.android.tools.r8.ir.conversion.IRBuilder::c (106 bytes)
Event: 3917.965 Thread 0x0000000016da9800 nmethod 20905 0x000000000639d890 code [0x000000000639da60, 0x000000000639ddd8]
Event: 3917.965 Thread 0x0000000016da9800 20906       2       com.android.tools.r8.ir.code.d::<init> (10 bytes)
Event: 3917.965 Thread 0x0000000016da9800 nmethod 20906 0x000000000639d4d0 code [0x000000000639d640, 0x000000000639d7a8]
Event: 3917.965 Thread 0x0000000016da9800 20907       3       com.android.tools.r8.graph.DexDebugEventBuilder::a (261 bytes)
Event: 3917.968 Thread 0x0000000016da9800 nmethod 20907 0x000000000634ee90 code [0x000000000634f280, 0x00000000063515a8]
Event: 3918.121 Thread 0x0000000016da9800 20909       2       org.gradle.api.internal.file.CompositeFileCollection::visitLeafCollections (40 bytes)
Event: 3918.121 Thread 0x0000000016da9800 nmethod 20909 0x000000000634e890 code [0x000000000634ea40, 0x000000000634ed08]

GC Heap History (10 events):
Event: 3896.224 GC heap before
{Heap before GC invocations=24 (full 4):
 PSYoungGen      total 338432K, used 334859K [0x00000000e0000000, 0x00000000f9500000, 0x0000000100000000)
  eden space 306176K, 100% used [0x00000000e0000000,0x00000000f2b00000,0x00000000f2b00000)
  from space 32256K, 88% used [0x00000000f2b00000,0x00000000f4702c38,0x00000000f4a80000)
  to   space 35840K, 0% used [0x00000000f7200000,0x00000000f7200000,0x00000000f9500000)
 ParOldGen       total 179200K, used 47024K [0x00000000a0000000, 0x00000000aaf00000, 0x00000000e0000000)
  object space 179200K, 26% used [0x00000000a0000000,0x00000000a2dec008,0x00000000aaf00000)
 Metaspace       used 111698K, capacity 115974K, committed 116556K, reserved 1150976K
  class space    used 14472K, capacity 15287K, committed 15488K, reserved 1048576K
Event: 3896.300 GC heap after
Heap after GC invocations=24 (full 4):
 PSYoungGen      total 378880K, used 21575K [0x00000000e0000000, 0x00000000f9a00000, 0x0000000100000000)
  eden space 343040K, 0% used [0x00000000e0000000,0x00000000e0000000,0x00000000f4f00000)
  from space 35840K, 60% used [0x00000000f7200000,0x00000000f8711c08,0x00000000f9500000)
  to   space 35840K, 0% used [0x00000000f4f00000,0x00000000f4f00000,0x00000000f7200000)
 ParOldGen       total 179200K, used 47032K [0x00000000a0000000, 0x00000000aaf00000, 0x00000000e0000000)
  object space 179200K, 26% used [0x00000000a0000000,0x00000000a2dee008,0x00000000aaf00000)
 Metaspace       used 111698K, capacity 115974K, committed 116556K, reserved 1150976K
  class space    used 14472K, capacity 15287K, committed 15488K, reserved 1048576K
}
Event: 3900.562 GC heap before
{Heap before GC invocations=25 (full 4):
 PSYoungGen      total 378880K, used 364615K [0x00000000e0000000, 0x00000000f9a00000, 0x0000000100000000)
  eden space 343040K, 100% used [0x00000000e0000000,0x00000000f4f00000,0x00000000f4f00000)
  from space 35840K, 60% used [0x00000000f7200000,0x00000000f8711c08,0x00000000f9500000)
  to   space 35840K, 0% used [0x00000000f4f00000,0x00000000f4f00000,0x00000000f7200000)
 ParOldGen       total 179200K, used 47032K [0x00000000a0000000, 0x00000000aaf00000, 0x00000000e0000000)
  object space 179200K, 26% used [0x00000000a0000000,0x00000000a2dee008,0x00000000aaf00000)
 Metaspace       used 112054K, capacity 116342K, committed 116812K, reserved 1150976K
  class space    used 14501K, capacity 15329K, committed 15488K, reserved 1048576K
Event: 3900.649 GC heap after
Heap after GC invocations=25 (full 4):
 PSYoungGen      total 378880K, used 27991K [0x00000000e0000000, 0x00000000fcd80000, 0x0000000100000000)
  eden space 343040K, 0% used [0x00000000e0000000,0x00000000e0000000,0x00000000f4f00000)
  from space 35840K, 78% used [0x00000000f4f00000,0x00000000f6a55f00,0x00000000f7200000)
  to   space 38400K, 0% used [0x00000000fa800000,0x00000000fa800000,0x00000000fcd80000)
 ParOldGen       total 179200K, used 47032K [0x00000000a0000000, 0x00000000aaf00000, 0x00000000e0000000)
  object space 179200K, 26% used [0x00000000a0000000,0x00000000a2dee008,0x00000000aaf00000)
 Metaspace       used 112054K, capacity 116342K, committed 116812K, reserved 1150976K
  class space    used 14501K, capacity 15329K, committed 15488K, reserved 1048576K
}
Event: 3904.727 GC heap before
{Heap before GC invocations=26 (full 4):
 PSYoungGen      total 378880K, used 371031K [0x00000000e0000000, 0x00000000fcd80000, 0x0000000100000000)
  eden space 343040K, 100% used [0x00000000e0000000,0x00000000f4f00000,0x00000000f4f00000)
  from space 35840K, 78% used [0x00000000f4f00000,0x00000000f6a55f00,0x00000000f7200000)
  to   space 38400K, 0% used [0x00000000fa800000,0x00000000fa800000,0x00000000fcd80000)
 ParOldGen       total 179200K, used 47032K [0x00000000a0000000, 0x00000000aaf00000, 0x00000000e0000000)
  object space 179200K, 26% used [0x00000000a0000000,0x00000000a2dee008,0x00000000aaf00000)
 Metaspace       used 112189K, capacity 116490K, committed 116812K, reserved 1150976K
  class space    used 14501K, capacity 15329K, committed 15488K, reserved 1048576K
Event: 3904.784 GC heap after
Heap after GC invocations=26 (full 4):
 PSYoungGen      total 433664K, used 25356K [0x00000000e0000000, 0x00000000fce80000, 0x0000000100000000)
  eden space 395264K, 0% used [0x00000000e0000000,0x00000000e0000000,0x00000000f8200000)
  from space 38400K, 66% used [0x00000000fa800000,0x00000000fc0c3258,0x00000000fcd80000)
  to   space 38912K, 0% used [0x00000000f8200000,0x00000000f8200000,0x00000000fa800000)
 ParOldGen       total 179200K, used 47040K [0x00000000a0000000, 0x00000000aaf00000, 0x00000000e0000000)
  object space 179200K, 26% used [0x00000000a0000000,0x00000000a2df0008,0x00000000aaf00000)
 Metaspace       used 112189K, capacity 116490K, committed 116812K, reserved 1150976K
  class space    used 14501K, capacity 15329K, committed 15488K, reserved 1048576K
}
Event: 3908.669 GC heap before
{Heap before GC invocations=27 (full 4):
 PSYoungGen      total 433664K, used 420620K [0x00000000e0000000, 0x00000000fce80000, 0x0000000100000000)
  eden space 395264K, 100% used [0x00000000e0000000,0x00000000f8200000,0x00000000f8200000)
  from space 38400K, 66% used [0x00000000fa800000,0x00000000fc0c3258,0x00000000fcd80000)
  to   space 38912K, 0% used [0x00000000f8200000,0x00000000f8200000,0x00000000fa800000)
 ParOldGen       total 179200K, used 47040K [0x00000000a0000000, 0x00000000aaf00000, 0x00000000e0000000)
  object space 179200K, 26% used [0x00000000a0000000,0x00000000a2df0008,0x00000000aaf00000)
 Metaspace       used 112221K, capacity 116498K, committed 116812K, reserved 1150976K
  class space    used 14501K, capacity 15329K, committed 15488K, reserved 1048576K
Event: 3908.801 GC heap after
Heap after GC invocations=27 (full 4):
 PSYoungGen      total 434176K, used 27948K [0x00000000e0000000, 0x0000000100000000, 0x0000000100000000)
  eden space 395264K, 0% used [0x00000000e0000000,0x00000000e0000000,0x00000000f8200000)
  from space 38912K, 71% used [0x00000000f8200000,0x00000000f9d4b248,0x00000000fa800000)
  to   space 40448K, 0% used [0x00000000fd880000,0x00000000fd880000,0x0000000100000000)
 ParOldGen       total 179200K, used 47040K [0x00000000a0000000, 0x00000000aaf00000, 0x00000000e0000000)
  object space 179200K, 26% used [0x00000000a0000000,0x00000000a2df0008,0x00000000aaf00000)
 Metaspace       used 112221K, capacity 116498K, committed 116812K, reserved 1150976K
  class space    used 14501K, capacity 15329K, committed 15488K, reserved 1048576K
}
Event: 3912.429 GC heap before
{Heap before GC invocations=28 (full 4):
 PSYoungGen      total 434176K, used 423212K [0x00000000e0000000, 0x0000000100000000, 0x0000000100000000)
  eden space 395264K, 100% used [0x00000000e0000000,0x00000000f8200000,0x00000000f8200000)
  from space 38912K, 71% used [0x00000000f8200000,0x00000000f9d4b248,0x00000000fa800000)
  to   space 40448K, 0% used [0x00000000fd880000,0x00000000fd880000,0x0000000100000000)
 ParOldGen       total 179200K, used 47040K [0x00000000a0000000, 0x00000000aaf00000, 0x00000000e0000000)
  object space 179200K, 26% used [0x00000000a0000000,0x00000000a2df0008,0x00000000aaf00000)
 Metaspace       used 112527K, capacity 116860K, committed 117068K, reserved 1150976K
  class space    used 14535K, capacity 15352K, committed 15488K, reserved 1048576K
Event: 3912.699 GC heap after
Heap after GC invocations=28 (full 4):
 PSYoungGen      total 476672K, used 34070K [0x00000000e0000000, 0x0000000100000000, 0x0000000100000000)
  eden space 436224K, 0% used [0x00000000e0000000,0x00000000e0000000,0x00000000faa00000)
  from space 40448K, 84% used [0x00000000fd880000,0x00000000ff9c59b8,0x0000000100000000)
  to   space 44032K, 0% used [0x00000000faa00000,0x00000000faa00000,0x00000000fd500000)
 ParOldGen       total 179200K, used 47048K [0x00000000a0000000, 0x00000000aaf00000, 0x00000000e0000000)
  object space 179200K, 26% used [0x00000000a0000000,0x00000000a2df2008,0x00000000aaf00000)
 Metaspace       used 112527K, capacity 116860K, committed 117068K, reserved 1150976K
  class space    used 14535K, capacity 15352K, committed 15488K, reserved 1048576K
}

Deoptimization events (10 events):
Event: 3915.396 Thread 0x0000000018e41000 Uncommon trap: reason=unstable_if action=reinterpret pc=0x00000000063ec000 method=com.android.tools.r8.graph.DexString.slowCompareTo(Lcom/android/tools/r8/graph/DexString;)I @ 141
Event: 3916.723 Thread 0x0000000018e40000 Uncommon trap: reason=bimorphic action=maybe_recompile pc=0x0000000006a1469c method=com.android.tools.r8.ir.analysis.type.TypeLatticeElement.l()Z @ 36
Event: 3916.723 Thread 0x0000000018e40000 Uncommon trap: reason=bimorphic action=maybe_recompile pc=0x0000000006a1469c method=com.android.tools.r8.ir.analysis.type.TypeLatticeElement.l()Z @ 36
Event: 3916.723 Thread 0x0000000018e40000 Uncommon trap: reason=bimorphic action=maybe_recompile pc=0x0000000006a1469c method=com.android.tools.r8.ir.analysis.type.TypeLatticeElement.l()Z @ 36
Event: 3916.730 Thread 0x0000000018e40000 Uncommon trap: reason=unstable_if action=reinterpret pc=0x0000000006e63718 method=com.android.tools.r8.ir.regalloc.LinearScanRegisterAllocator.a(Lcom/android/tools/r8/ir/regalloc/LinearScanRegisterAllocator$a;Z)Lcom/android/tools/r8/ir/regalloc/LinearScan
Event: 3916.734 Thread 0x0000000018e40000 Uncommon trap: reason=unstable_if action=reinterpret pc=0x0000000006c74550 method=com.android.tools.r8.ir.regalloc.LinearScanRegisterAllocator.a(Lcom/android/tools/r8/ir/regalloc/LinearScanRegisterAllocator$a;Z)Lcom/android/tools/r8/ir/regalloc/LinearScan
Event: 3916.861 Thread 0x0000000018e41000 Uncommon trap: reason=unstable_if action=reinterpret pc=0x00000000041b039c method=java.util.HashMap.containsValue(Ljava/lang/Object;)Z @ 6
Event: 3917.367 Thread 0x0000000018e40000 Uncommon trap: reason=unstable_if action=reinterpret pc=0x000000000460c3c0 method=com.android.tools.r8.ir.optimize.CodeRewriter.e(Lcom/android/tools/r8/ir/code/Instruction;)Z @ 27
Event: 3917.483 Thread 0x0000000019007800 Uncommon trap: reason=unstable_if action=reinterpret pc=0x00000000062c46e8 method=sun.nio.fs.WindowsPath.getParent()Lsun/nio/fs/WindowsPath; @ 37
Event: 3917.563 Thread 0x0000000019007800 Uncommon trap: reason=unstable_if action=reinterpret pc=0x00000000062c6768 method=sun.nio.fs.WindowsPath.getParent()Lsun/nio/fs/WindowsPath; @ 37

Classes redefined (0 events):
No events

Internal exceptions (10 events):
Event: 3916.545 Thread 0x0000000019007800 Exception <a 'sun/nio/fs/WindowsException'> (0x00000000ebdddda8) thrown at [C:\re\workspace\8-2-build-windows-amd64-cygwin\jdk8u201\12322\hotspot\src\share\vm\prims\jni.cpp, line 709]
Event: 3916.547 Thread 0x0000000019007800 Exception <a 'sun/nio/fs/WindowsException'> (0x00000000ebde44d8) thrown at [C:\re\workspace\8-2-build-windows-amd64-cygwin\jdk8u201\12322\hotspot\src\share\vm\prims\jni.cpp, line 709]
Event: 3916.550 Thread 0x0000000019007800 Exception <a 'sun/nio/fs/WindowsException'> (0x00000000ebf30b08) thrown at [C:\re\workspace\8-2-build-windows-amd64-cygwin\jdk8u201\12322\hotspot\src\share\vm\prims\jni.cpp, line 709]
Event: 3916.552 Thread 0x0000000019007800 Exception <a 'sun/nio/fs/WindowsException'> (0x00000000ebf7a038) thrown at [C:\re\workspace\8-2-build-windows-amd64-cygwin\jdk8u201\12322\hotspot\src\share\vm\prims\jni.cpp, line 709]
Event: 3916.554 Thread 0x0000000019007800 Exception <a 'sun/nio/fs/WindowsException'> (0x00000000ebf80700) thrown at [C:\re\workspace\8-2-build-windows-amd64-cygwin\jdk8u201\12322\hotspot\src\share\vm\prims\jni.cpp, line 709]
Event: 3916.555 Thread 0x0000000019007800 Exception <a 'sun/nio/fs/WindowsException'> (0x00000000ebf87e18) thrown at [C:\re\workspace\8-2-build-windows-amd64-cygwin\jdk8u201\12322\hotspot\src\share\vm\prims\jni.cpp, line 709]
Event: 3916.559 Thread 0x0000000019007800 Exception <a 'sun/nio/fs/WindowsException'> (0x00000000ec04e8a0) thrown at [C:\re\workspace\8-2-build-windows-amd64-cygwin\jdk8u201\12322\hotspot\src\share\vm\prims\jni.cpp, line 709]
Event: 3916.561 Thread 0x0000000019007800 Exception <a 'sun/nio/fs/WindowsException'> (0x00000000ec096190) thrown at [C:\re\workspace\8-2-build-windows-amd64-cygwin\jdk8u201\12322\hotspot\src\share\vm\prims\jni.cpp, line 709]
Event: 3916.563 Thread 0x0000000019007800 Exception <a 'sun/nio/fs/WindowsException'> (0x00000000ec0dc910) thrown at [C:\re\workspace\8-2-build-windows-amd64-cygwin\jdk8u201\12322\hotspot\src\share\vm\prims\jni.cpp, line 709]
Event: 3916.861 Thread 0x0000000018e41000 Implicit null exception at 0x00000000041b0215 to 0x00000000041b0385

Events (10 events):
Event: 3917.966 Thread 0x0000000018e40000 DEOPT PACKING pc=0x000000000471ac43 sp=0x000000002795ae90
Event: 3917.966 Thread 0x0000000018e40000 DEOPT UNPACKING pc=0x0000000003467890 sp=0x000000002795acc8 mode 0
Event: 3918.037 Thread 0x0000000018e41800 DEOPT PACKING pc=0x00000000066d89d0 sp=0x0000000027a5b2d0
Event: 3918.037 Thread 0x0000000018e41800 DEOPT UNPACKING pc=0x0000000003467890 sp=0x0000000027a5b188 mode 0
Event: 3918.097 Thread 0x0000000018e40000 DEOPT PACKING pc=0x000000000698c1b6 sp=0x000000002795b190
Event: 3918.097 Thread 0x0000000018e40000 DEOPT UNPACKING pc=0x0000000003467890 sp=0x000000002795b0d0 mode 0
Event: 3918.124 Thread 0x0000000018e40000 DEOPT PACKING pc=0x0000000006598229 sp=0x000000002795b0d0
Event: 3918.124 Thread 0x0000000018e40000 DEOPT UNPACKING pc=0x0000000003467890 sp=0x000000002795b008 mode 0
Event: 3918.128 Thread 0x0000000018e40000 DEOPT PACKING pc=0x00000000066d8a8d sp=0x000000002795af50
Event: 3918.128 Thread 0x0000000018e40000 DEOPT UNPACKING pc=0x0000000003467890 sp=0x000000002795ae10 mode 0


Dynamic libraries:
0x00007ff676ea0000 - 0x00007ff676ed7000 	C:\Program Files\Java\jdk1.8.0_201\bin\java.exe
0x00007ff905c40000 - 0x00007ff905e2d000 	C:\WINDOWS\SYSTEM32\ntdll.dll
0x00007ff903200000 - 0x00007ff9032b3000 	C:\WINDOWS\System32\KERNEL32.DLL
0x00007ff901df0000 - 0x00007ff902083000 	C:\WINDOWS\System32\KERNELBASE.dll
0x00007ff902fa0000 - 0x00007ff903043000 	C:\WINDOWS\System32\ADVAPI32.dll
0x00007ff905570000 - 0x00007ff90560e000 	C:\WINDOWS\System32\msvcrt.dll
0x00007ff903130000 - 0x00007ff9031ce000 	C:\WINDOWS\System32\sechost.dll
0x00007ff904cb0000 - 0x00007ff904dd2000 	C:\WINDOWS\System32\RPCRT4.dll
0x00007ff9057c0000 - 0x00007ff905957000 	C:\WINDOWS\System32\USER32.dll
0x00007ff902370000 - 0x00007ff902390000 	C:\WINDOWS\System32\win32u.dll
0x00007ff9031d0000 - 0x00007ff9031f9000 	C:\WINDOWS\System32\GDI32.dll
0x00007ff902cc0000 - 0x00007ff902e59000 	C:\WINDOWS\System32\gdi32full.dll
0x00007ff901d50000 - 0x00007ff901df0000 	C:\WINDOWS\System32\msvcp_win.dll
0x00007ff902270000 - 0x00007ff90236a000 	C:\WINDOWS\System32\ucrtbase.dll
0x00007ff8f3e10000 - 0x00007ff8f4089000 	C:\WINDOWS\WinSxS\amd64_microsoft.windows.common-controls_6595b64144ccf1df_6.0.17763.914_none_05b346b2072102f2\COMCTL32.dll
0x00007ff904ef0000 - 0x00007ff90521c000 	C:\WINDOWS\System32\combase.dll
0x00007ff902090000 - 0x00007ff90210e000 	C:\WINDOWS\System32\bcryptPrimitives.dll
0x00007ff9059c0000 - 0x00007ff9059ee000 	C:\WINDOWS\System32\IMM32.DLL
0x0000000070680000 - 0x0000000070751000 	C:\Program Files\Java\jdk1.8.0_201\jre\bin\msvcr100.dll
0x000000006fdd0000 - 0x0000000070674000 	C:\Program Files\Java\jdk1.8.0_201\jre\bin\server\jvm.dll
0x00007ff902f90000 - 0x00007ff902f98000 	C:\WINDOWS\System32\PSAPI.DLL
0x00007ff8f7be0000 - 0x00007ff8f7bea000 	C:\WINDOWS\SYSTEM32\VERSION.dll
0x00007ff8ff9b0000 - 0x00007ff8ff9d4000 	C:\WINDOWS\SYSTEM32\WINMM.dll
0x00007ff8fc580000 - 0x00007ff8fc589000 	C:\WINDOWS\SYSTEM32\WSOCK32.dll
0x00007ff904c40000 - 0x00007ff904cad000 	C:\WINDOWS\System32\WS2_32.dll
0x00007ff8ff860000 - 0x00007ff8ff88d000 	C:\WINDOWS\SYSTEM32\winmmbase.dll
0x00007ff9021c0000 - 0x00007ff90220a000 	C:\WINDOWS\System32\cfgmgr32.dll
0x00007ff8f7370000 - 0x00007ff8f737f000 	C:\Program Files\Java\jdk1.8.0_201\jre\bin\verify.dll
0x00007ff8db360000 - 0x00007ff8db389000 	C:\Program Files\Java\jdk1.8.0_201\jre\bin\java.dll
0x00007ff8f4720000 - 0x00007ff8f4736000 	C:\Program Files\Java\jdk1.8.0_201\jre\bin\zip.dll
0x00007ff903740000 - 0x00007ff904c34000 	C:\WINDOWS\System32\SHELL32.dll
0x00007ff902ee0000 - 0x00007ff902f88000 	C:\WINDOWS\System32\shcore.dll
0x00007ff902570000 - 0x00007ff902cbd000 	C:\WINDOWS\System32\windows.storage.dll
0x00007ff901c30000 - 0x00007ff901c54000 	C:\WINDOWS\System32\profapi.dll
0x00007ff901ca0000 - 0x00007ff901cfd000 	C:\WINDOWS\System32\powrprof.dll
0x00007ff905280000 - 0x00007ff9052d2000 	C:\WINDOWS\System32\shlwapi.dll
0x00007ff901c60000 - 0x00007ff901c71000 	C:\WINDOWS\System32\kernel.appcore.dll
0x00007ff901d00000 - 0x00007ff901d17000 	C:\WINDOWS\System32\cryptsp.dll
0x00007ff8ebe90000 - 0x00007ff8ebeaa000 	C:\Program Files\Java\jdk1.8.0_201\jre\bin\net.dll
0x00007ff8f6360000 - 0x00007ff8f6537000 	C:\WINDOWS\SYSTEM32\urlmon.dll
0x00007ff8f5590000 - 0x00007ff8f5838000 	C:\WINDOWS\SYSTEM32\iertutil.dll
0x00007ff901760000 - 0x00007ff90176c000 	C:\WINDOWS\SYSTEM32\CRYPTBASE.DLL
0x00007ff901440000 - 0x00007ff9014a7000 	C:\WINDOWS\system32\mswsock.dll
0x00007ff8ded10000 - 0x00007ff8ded21000 	C:\Program Files\Java\jdk1.8.0_201\jre\bin\nio.dll
0x00007ff8dc820000 - 0x00007ff8dc846000 	C:\Users\MaiTuanAnhLapTop\.gradle\native\29\windows-amd64\native-platform.dll
0x00007ff8f70d0000 - 0x00007ff8f70dd000 	C:\Program Files\Java\jdk1.8.0_201\jre\bin\management.dll
0x00007ff900fc0000 - 0x00007ff900ff3000 	C:\WINDOWS\system32\rsaenh.dll
0x00007ff901d20000 - 0x00007ff901d46000 	C:\WINDOWS\System32\bcrypt.dll
0x00007ff901b60000 - 0x00007ff901b88000 	C:\WINDOWS\SYSTEM32\USERENV.dll
0x00007ff901160000 - 0x00007ff90119d000 	C:\WINDOWS\SYSTEM32\IPHLPAPI.DLL
0x00007ff904de0000 - 0x00007ff904de8000 	C:\WINDOWS\System32\NSI.dll
0x00007ff8f8390000 - 0x00007ff8f83a6000 	C:\WINDOWS\SYSTEM32\dhcpcsvc6.DLL
0x00007ff8f89a0000 - 0x00007ff8f89bc000 	C:\WINDOWS\SYSTEM32\dhcpcsvc.DLL
0x00007ff9011a0000 - 0x00007ff901266000 	C:\WINDOWS\SYSTEM32\DNSAPI.dll
0x00007ff8ce250000 - 0x00007ff8ce3e9000 	C:\Program Files\Java\jdk1.8.0_201\jre\bin\awt.dll
0x00007ff904df0000 - 0x00007ff904eb4000 	C:\WINDOWS\System32\OLEAUT32.dll
0x00007ff8ffac0000 - 0x00007ff8ffb4c000 	C:\WINDOWS\SYSTEM32\apphelp.dll
0x00007ff900120000 - 0x00007ff90014e000 	C:\WINDOWS\system32\DWMAPI.DLL
0x00007ff902390000 - 0x00007ff90256b000 	C:\WINDOWS\System32\CRYPT32.dll
0x00007ff901c80000 - 0x00007ff901c92000 	C:\WINDOWS\System32\MSASN1.dll
0x00007ff8ffe10000 - 0x00007ff8ffeac000 	C:\WINDOWS\system32\uxtheme.dll
0x00007ff8e4440000 - 0x00007ff8e446a000 	C:\Program Files\Java\jdk1.8.0_201\jre\bin\dcpr.dll

VM Arguments:
jvm_args: -Xmx1536m -Dfile.encoding=windows-1252 -Duser.country=US -Duser.language=en -Duser.variant 
java_command: org.gradle.launcher.daemon.bootstrap.GradleDaemon 5.4.1
java_class_path (initial): C:\Users\MaiTuanAnhLapTop\.gradle\wrapper\dists\gradle-5.4.1-all\3221gyojl5jsh0helicew7rwx\gradle-5.4.1\lib\gradle-launcher-5.4.1.jar
Launcher Type: SUN_STANDARD

Environment Variables:
JAVA_HOME=C:\Program Files\Java\jdk1.8.0_201
PATH=C:\Program Files\Microsoft MPI\Bin\;"C:\Program Files (x86)\Common Files\Oracle\Java\javapath;D:\software_study\java\apache-maven-3.6.1-bin\apache-maven-3.6.1\bin;C:\Program Files\Java\jdk1.8.0_201\bin";"C:\Program Files\Java\jdk1.8.0_201\bin;C:\Program Files (x86)\Common Files\Oracle\Java\javapath;D:\software_study\java\apache-maven-3.6.1-bin\apache-maven-3.6.1\bin;C:\Program Files\Java\jdk1.8.0_201\bin";C:\WINDOWS\system32;C:\WINDOWS;C:\WINDOWS\System32\Wbem;C:\WINDOWS\System32\WindowsPowerShell\v1.0\;C:\WINDOWS\System32\OpenSSH\;C:\Program Files (x86)\NVIDIA Corporation\PhysX\Common;C:\Program Files\Git\cmd;C:\Program Files\NVIDIA Corporation\NVIDIA NvDLISR;C:\WINDOWS\system32;C:\WINDOWS;C:\WINDOWS\System32\Wbem;C:\WINDOWS\System32\WindowsPowerShell\v1.0\;C:\WINDOWS\System32\OpenSSH\;C:\Program Files\Java\jdk1.8.0_201\bin;C:\xampp\php;C:\ProgramData\ComposerSetup\bin;C:\flutter\flutter\bin;C:\Program Files (x86)\Microsoft SQL Server\140\Tools\Binn\;C:\Program Files\Microsoft SQL Server\140\Tools\Binn\;C:\Program Files (x86)\Microsoft SQL Server\140\DTS\Binn\;C:\Program Files\Microsoft SQL Server\140\DTS\Binn\;C:\Program Files\Microsoft SQL Server\Client SDK\ODBC\130\Tools\Binn\;C:\Program Files (x86)\Rational\common;C:\Users\MaiTuanAnhLapTop\AppData\Local\Microsoft\WindowsApps;%DASHLANE_DLL_DIR%;C:\Users\MaiTuanAnhLapTop\AppData\Roaming\Composer\vendor\bin;%IntelliJ IDEA Community Edition%;C:\flutter\flutter\bin;;C:\Program Files\JetBrains\IntelliJ IDEA 2019.1.3\bin;
USERNAME=MaiTuanAnhLapTop
OS=Windows_NT
PROCESSOR_IDENTIFIER=Intel64 Family 6 Model 61 Stepping 4, GenuineIntel



---------------  S Y S T E M  ---------------

OS: Windows 10.0 , 64 bit Build 17763 (10.0.17763.475)

CPU:total 4 (initial active 4) (2 cores per cpu, 2 threads per core) family 6 model 61 stepping 4, cmov, cx8, fxsr, mmx, sse, sse2, sse3, ssse3, sse4.1, sse4.2, popcnt, avx, avx2, aes, clmul, erms, 3dnowpref, lzcnt, ht, tsc, tscinvbit, bmi1, bmi2, adx

Memory: 4k page, physical 8296264k(1093352k free), swap 8296264k(6536k free)

vm_info: Java HotSpot(TM) 64-Bit Server VM (25.201-b09) for windows-amd64 JRE (1.8.0_201-b09), built on Dec 15 2018 18:36:39 by "java_re" with MS VC++ 10.0 (VS2010)

time: Mon Dec 16 16:53:06 2019
timezone: SE Asia Standard Time
elapsed time: 3918 seconds (0d 1h 5m 18s)

