#
# There is insufficient memory for the Java Runtime Environment to continue.
# Native memory allocation (malloc) failed to allocate 1478192 bytes for Chunk::new
# Possible reasons:
#   The system is out of physical RAM or swap space
#   The process is running with CompressedOops enabled, and the Java Heap may be blocking the growth of the native heap
# Possible solutions:
#   Reduce memory load on the system
#   Increase physical memory or swap space
#   Check if swap backing store is full
#   Decrease Java heap size (-Xmx/-Xms)
#   Decrease number of Java threads
#   Decrease Java thread stack sizes (-Xss)
#   Set larger code cache with -XX:ReservedCodeCacheSize=
#   JVM is running with Unscaled Compressed Oops mode in which the Java heap is
#     placed in the first 4GB address space. The Java Heap base address is the
#     maximum limit for the native heap growth. Please use -XX:HeapBaseMinAddress
#     to set the Java Heap base and to place the Java Heap above 4GB virtual address.
# This output file may be truncated or incomplete.
#
#  Out of Memory Error (allocation.cpp:390), pid=9464, tid=0x00000000000005e8
#
# JRE version: Java(TM) SE Runtime Environment (8.0_201-b09) (build 1.8.0_201-b09)
# Java VM: Java HotSpot(TM) 64-Bit Server VM (25.201-b09 mixed mode windows-amd64 compressed oops)
# Failed to write core dump. Minidumps are not enabled by default on client versions of Windows
#

---------------  T H R E A D  ---------------

Current thread (0x000000001649d800):  JavaThread "C2 CompilerThread1" daemon [_thread_in_native, id=1512, stack(0x0000000017c00000,0x0000000017d00000)]

Stack: [0x0000000017c00000,0x0000000017d00000]
[error occurred during error reporting (printing stack bounds), id 0xc0000005]

Native frames: (J=compiled Java code, j=interpreted, Vv=VM code, C=native code)


Current CompileTask:
C2:1503136 18252       4       com.android.tools.r8.graph.DexClass::forEachMethod (75 bytes)


---------------  P R O C E S S  ---------------

Java Threads: ( => current thread )
  0x000000001bb68000 JavaThread "WorkerExecutor Queue Thread 6" [_thread_blocked, id=4168, stack(0x000000002a940000,0x000000002aa40000)]
  0x000000001bb6f800 JavaThread "Cache worker for Java compile cache (D:\Projects_all\Android\soSanhHaiSo\.gradle\5.4.1\javaCompile)" [_thread_blocked, id=4392, stack(0x000000002a440000,0x000000002a540000)]
  0x000000001bb72000 JavaThread "Cache worker for Java compile cache (C:\Users\MaiTuanAnhLapTop\.gradle\caches\5.4.1\javaCompile)" [_thread_blocked, id=212, stack(0x000000002a340000,0x000000002a440000)]
  0x000000001bb69800 JavaThread "stdout" [_thread_in_native, id=4612, stack(0x000000002a240000,0x000000002a340000)]
  0x000000001bb69000 JavaThread "stderr" [_thread_in_native, id=8220, stack(0x000000002a140000,0x000000002a240000)]
  0x000000001bb6c000 JavaThread "stdout" [_thread_in_native, id=1828, stack(0x000000002a040000,0x000000002a140000)]
  0x000000001bb6b000 JavaThread "stderr" [_thread_in_native, id=5672, stack(0x0000000029f40000,0x000000002a040000)]
  0x000000001b54f000 JavaThread "stdout" [_thread_in_native, id=9760, stack(0x0000000029e40000,0x0000000029f40000)]
  0x00000000164af000 JavaThread "stderr" [_thread_in_native, id=1432, stack(0x0000000029d40000,0x0000000029e40000)]
  0x00000000164b3800 JavaThread "stdout" [_thread_in_native, id=764, stack(0x0000000029c40000,0x0000000029d40000)]
  0x00000000164b0800 JavaThread "stderr" [_thread_in_native, id=1284, stack(0x0000000029b40000,0x0000000029c40000)]
  0x0000000021910000 JavaThread "pool-7-thread-1" [_thread_blocked, id=9444, stack(0x0000000029a40000,0x0000000029b40000)]
  0x000000002190e800 JavaThread "Java2D Disposer" daemon [_thread_blocked, id=6572, stack(0x0000000029940000,0x0000000029a40000)]
  0x000000002190b800 JavaThread "WorkerExecutor Queue Thread 3" [_thread_blocked, id=9856, stack(0x0000000029540000,0x0000000029640000)]
  0x000000002190d000 JavaThread "WorkerExecutor Queue Thread 2" [_thread_blocked, id=2328, stack(0x0000000029440000,0x0000000029540000)]
  0x000000002190e000 JavaThread "WorkerExecutor Queue" [_thread_in_Java, id=10000, stack(0x0000000029340000,0x0000000029440000)]
  0x0000000021912800 JavaThread "Cache worker for execution history cache (D:\Projects_all\Android\soSanhHaiSo\.gradle\5.4.1\executionHistory)" [_thread_blocked, id=7280, stack(0x0000000029240000,0x0000000029340000)]
  0x0000000021908800 JavaThread "Execution worker for ':' Thread 3" [_thread_blocked, id=1544, stack(0x0000000029140000,0x0000000029240000)]
  0x0000000021904000 JavaThread "Execution worker for ':' Thread 2" [_thread_blocked, id=7144, stack(0x0000000029040000,0x0000000029140000)]
  0x0000000021906800 JavaThread "Execution worker for ':'" [_thread_blocked, id=3576, stack(0x0000000028f40000,0x0000000029040000)]
  0x000000002190b000 JavaThread "Cache worker for file content cache (D:\Projects_all\Android\soSanhHaiSo\.gradle\5.4.1\fileContent)" [_thread_blocked, id=7468, stack(0x0000000028e40000,0x0000000028f40000)]
  0x0000000021905800 JavaThread "Cache worker for Build Output Cleanup Cache (D:\Projects_all\Android\soSanhHaiSo\.gradle\buildOutputCleanup)" [_thread_blocked, id=2004, stack(0x0000000028d40000,0x0000000028e40000)]
  0x0000000021908000 JavaThread "Build operations Thread 4" [_thread_blocked, id=6856, stack(0x0000000028c40000,0x0000000028d40000)]
  0x0000000021905000 JavaThread "Build operations Thread 3" [_thread_blocked, id=7732, stack(0x0000000028b40000,0x0000000028c40000)]
  0x000000002190a000 JavaThread "Build operations Thread 2" [_thread_blocked, id=7756, stack(0x0000000028a40000,0x0000000028b40000)]
  0x000000001b550800 JavaThread "Build operations" [_thread_blocked, id=6864, stack(0x0000000028940000,0x0000000028a40000)]
  0x000000001b54f800 JavaThread "Cache worker for cache directory md-rule (C:\Users\MaiTuanAnhLapTop\.gradle\caches\5.4.1\md-rule)" [_thread_blocked, id=5796, stack(0x0000000028840000,0x0000000028940000)]
  0x000000001b545000 JavaThread "Cache worker for cache directory md-supplier (C:\Users\MaiTuanAnhLapTop\.gradle\caches\5.4.1\md-supplier)" [_thread_blocked, id=8224, stack(0x0000000028740000,0x0000000028840000)]
  0x000000001b552000 JavaThread "Cache worker for file hash cache (D:\Projects_all\Android\soSanhHaiSo\.gradle\5.4.1\fileHashes)" [_thread_blocked, id=8292, stack(0x0000000028640000,0x0000000028740000)]
  0x000000001b54e000 JavaThread "Thread-71" [_thread_blocked, id=7164, stack(0x0000000028540000,0x0000000028640000)]
  0x000000001b546800 JavaThread "Stdin handler" [_thread_blocked, id=1180, stack(0x0000000028440000,0x0000000028540000)]
  0x000000001b54d800 JavaThread "Asynchronous log dispatcher for DefaultDaemonConnection: socket connection from /127.0.0.1:49758 to /127.0.0.1:50421" [_thread_blocked, id=6588, stack(0x0000000028340000,0x0000000028440000)]
  0x000000001b546000 JavaThread "Daemon worker Thread 4" [_thread_blocked, id=7964, stack(0x0000000028240000,0x0000000028340000)]
  0x000000001b54c800 JavaThread "Cancel handler" [_thread_blocked, id=7460, stack(0x0000000028140000,0x0000000028240000)]
  0x000000001b548000 JavaThread "Handler for socket connection from /127.0.0.1:49758 to /127.0.0.1:50421" [_thread_in_native, id=3188, stack(0x0000000028040000,0x0000000028140000)]
  0x000000001b544800 JavaThread "Daemon Thread 4" [_thread_blocked, id=6384, stack(0x0000000027f40000,0x0000000028040000)]
  0x0000000021909800 JavaThread "Cache worker for file content cache (C:\Users\MaiTuanAnhLapTop\.gradle\caches\5.4.1\fileContent)" [_thread_blocked, id=3388, stack(0x0000000026340000,0x0000000026440000)]
  0x000000001b54a800 JavaThread "Memory manager" [_thread_blocked, id=8408, stack(0x0000000022de0000,0x0000000022ee0000)]
  0x000000001b549800 JavaThread "Cache worker for execution history cache (C:\Users\MaiTuanAnhLapTop\.gradle\caches\5.4.1\executionHistory)" [_thread_blocked, id=6972, stack(0x00000000203c0000,0x00000000204c0000)]
  0x00000000164b2800 JavaThread "Cache worker for journal cache (C:\Users\MaiTuanAnhLapTop\.gradle\caches\journal-1)" [_thread_blocked, id=3640, stack(0x000000001b050000,0x000000001b150000)]
  0x00000000164af800 JavaThread "File lock request listener" [_thread_in_native, id=3124, stack(0x000000001af50000,0x000000001b050000)]
  0x00000000164ac800 JavaThread "Cache worker for file hash cache (C:\Users\MaiTuanAnhLapTop\.gradle\caches\5.4.1\fileHashes)" [_thread_blocked, id=3040, stack(0x000000001ae50000,0x000000001af50000)]
  0x0000000018bbc800 JavaThread "Daemon periodic checks" [_thread_blocked, id=3856, stack(0x000000001a550000,0x000000001a650000)]
  0x000000001874c800 JavaThread "Incoming local TCP Connector on port 49758" [_thread_in_native, id=3840, stack(0x000000001a210000,0x000000001a310000)]
  0x00000000191c8000 JavaThread "Daemon health stats" [_thread_blocked, id=9672, stack(0x0000000019bd0000,0x0000000019cd0000)]
  0x00000000164ed800 JavaThread "Service Thread" daemon [_thread_blocked, id=2164, stack(0x0000000018200000,0x0000000018300000)]
  0x00000000164b1000 JavaThread "C1 CompilerThread2" daemon [_thread_blocked, id=1856, stack(0x0000000017d00000,0x0000000017e00000)]
=>0x000000001649d800 JavaThread "C2 CompilerThread1" daemon [_thread_in_native, id=1512, stack(0x0000000017c00000,0x0000000017d00000)]
  0x0000000016498000 JavaThread "C2 CompilerThread0" daemon [_thread_in_native, id=1528, stack(0x0000000017b00000,0x0000000017c00000)]
  0x0000000016496000 JavaThread "Attach Listener" daemon [_thread_blocked, id=2096, stack(0x0000000017a00000,0x0000000017b00000)]
  0x0000000016493000 JavaThread "Signal Dispatcher" daemon [_thread_blocked, id=2000, stack(0x0000000017900000,0x0000000017a00000)]
  0x0000000002a1a800 JavaThread "Finalizer" daemon [_thread_blocked, id=1996, stack(0x0000000017700000,0x0000000017800000)]
  0x0000000002a12000 JavaThread "Reference Handler" daemon [_thread_blocked, id=9600, stack(0x0000000017600000,0x0000000017700000)]
  0x0000000002922800 JavaThread "main" [_thread_blocked, id=9348, stack(0x00000000027f0000,0x00000000028f0000)]

Other Threads:
  0x0000000016457800 VMThread [stack: 0x0000000017500000,0x0000000017600000] [id=1936]
  0x00000000164ee800 WatcherThread [stack: 0x0000000018300000,0x0000000018400000] [id=2140]

VM state:not at safepoint (normal execution)

VM Mutex/Monitor currently owned by a thread: None

heap address: 0x00000000a0000000, size: 1536 MB, Compressed Oops mode: 32-bit
Narrow klass base: 0x0000000000000000, Narrow klass shift: 3
Compressed class space size: 1073741824 Address: 0x0000000100000000

Heap:
 PSYoungGen      total 207872K, used 14459K [0x00000000e0000000, 0x00000000ee800000, 0x0000000100000000)
  eden space 178176K, 3% used [0x00000000e0000000,0x00000000e064cad0,0x00000000eae00000)
  from space 29696K, 26% used [0x00000000eae00000,0x00000000eb5d22b8,0x00000000ecb00000)
  to   space 14848K, 0% used [0x00000000ed980000,0x00000000ed980000,0x00000000ee800000)
 ParOldGen       total 215552K, used 58390K [0x00000000a0000000, 0x00000000ad280000, 0x00000000e0000000)
  object space 215552K, 27% used [0x00000000a0000000,0x00000000a3905ab0,0x00000000ad280000)
 Metaspace       used 94947K, capacity 99428K, committed 99660K, reserved 1136640K
  class space    used 12496K, capacity 13295K, committed 13440K, reserved 1048576K

Card table byte_map: [0x0000000011ee0000,0x00000000121f0000] byte_map_base: 0x00000000119e0000

Marking Bits: (ParMarkBitMap*) 0x000000006c6c4ce0
 Begin Bits: [0x00000000127f0000, 0x0000000013ff0000)
 End Bits:   [0x0000000013ff0000, 0x00000000157f0000)

Polling page: 0x0000000001010000

CodeCache: size=245760Kb used=52529Kb max_used=52891Kb free=193230Kb
 bounds [0x0000000002b20000, 0x0000000005f20000, 0x0000000011b20000]
 total_blobs=16100 nmethods=15133 adapters=877
 compilation: enabled

Compilation events (10 events):
Event: 1503.059 Thread 0x00000000164b1000 nmethod 18519 0x0000000005770d50 code [0x0000000005770ea0, 0x0000000005770fb0]
Event: 1503.059 Thread 0x00000000164b1000 18520 %     3       com.android.tools.r8.dex.DexParser::<init> @ 120 (323 bytes)
Event: 1503.116 Thread 0x00000000164b1000 nmethod 18520% 0x0000000004068c50 code [0x0000000004069000, 0x000000000406b478]
Event: 1503.116 Thread 0x00000000164b1000 18521       2       com.android.tools.r8.dex.DexReader::n (56 bytes)
Event: 1503.117 Thread 0x00000000164b1000 nmethod 18521 0x000000000419c790 code [0x000000000419c940, 0x000000000419cc38]
Event: 1503.117 Thread 0x00000000164b1000 18522       2       com.android.tools.r8.utils.AndroidApiLevel::getDefault (4 bytes)
Event: 1503.118 Thread 0x00000000164b1000 nmethod 18522 0x00000000057709d0 code [0x0000000005770b20, 0x0000000005770c50]
Event: 1503.122 Thread 0x00000000164b1000 18523       2       com.android.tools.r8.m.a.a.d.j::a (63 bytes)
Event: 1503.124 Thread 0x00000000164b1000 nmethod 18523 0x000000000419bf90 code [0x000000000419c140, 0x000000000419c558]
Event: 1503.125 Thread 0x00000000164b1000 18524 %     3       com.android.tools.r8.dex.DexParser::<init> @ 283 (323 bytes)

GC Heap History (10 events):
Event: 1467.978 GC heap before
{Heap before GC invocations=17 (full 3):
 PSYoungGen      total 220672K, used 220666K [0x00000000e0000000, 0x00000000f0300000, 0x0000000100000000)
  eden space 196096K, 100% used [0x00000000e0000000,0x00000000ebf80000,0x00000000ebf80000)
  from space 24576K, 99% used [0x00000000edf00000,0x00000000ef6fe900,0x00000000ef700000)
  to   space 12288K, 0% used [0x00000000ef700000,0x00000000ef700000,0x00000000f0300000)
 ParOldGen       total 143360K, used 49371K [0x00000000a0000000, 0x00000000a8c00000, 0x00000000e0000000)
  object space 143360K, 34% used [0x00000000a0000000,0x00000000a3036ce0,0x00000000a8c00000)
 Metaspace       used 79765K, capacity 83528K, committed 83712K, reserved 1122304K
  class space    used 10529K, capacity 11206K, committed 11264K, reserved 1048576K
Event: 1468.176 GC heap after
Heap after GC invocations=17 (full 3):
 PSYoungGen      total 202240K, used 12280K [0x00000000e0000000, 0x00000000f0300000, 0x0000000100000000)
  eden space 189952K, 0% used [0x00000000e0000000,0x00000000e0000000,0x00000000eb980000)
  from space 12288K, 99% used [0x00000000ef700000,0x00000000f02fe030,0x00000000f0300000)
  to   space 31232K, 0% used [0x00000000ec600000,0x00000000ec600000,0x00000000ee480000)
 ParOldGen       total 143360K, used 61366K [0x00000000a0000000, 0x00000000a8c00000, 0x00000000e0000000)
  object space 143360K, 42% used [0x00000000a0000000,0x00000000a3bed8a8,0x00000000a8c00000)
 Metaspace       used 79765K, capacity 83528K, committed 83712K, reserved 1122304K
  class space    used 10529K, capacity 11206K, committed 11264K, reserved 1048576K
}
Event: 1485.186 GC heap before
{Heap before GC invocations=18 (full 3):
 PSYoungGen      total 202240K, used 202232K [0x00000000e0000000, 0x00000000f0300000, 0x0000000100000000)
  eden space 189952K, 100% used [0x00000000e0000000,0x00000000eb980000,0x00000000eb980000)
  from space 12288K, 99% used [0x00000000ef700000,0x00000000f02fe030,0x00000000f0300000)
  to   space 31232K, 0% used [0x00000000ec600000,0x00000000ec600000,0x00000000ee480000)
 ParOldGen       total 143360K, used 61366K [0x00000000a0000000, 0x00000000a8c00000, 0x00000000e0000000)
  object space 143360K, 42% used [0x00000000a0000000,0x00000000a3bed8a8,0x00000000a8c00000)
 Metaspace       used 86692K, capacity 90726K, committed 90752K, reserved 1128448K
  class space    used 11376K, capacity 12139K, committed 12160K, reserved 1048576K
Event: 1485.291 GC heap after
Heap after GC invocations=18 (full 3):
 PSYoungGen      total 194560K, used 10673K [0x00000000e0000000, 0x00000000ef780000, 0x0000000100000000)
  eden space 183808K, 0% used [0x00000000e0000000,0x00000000e0000000,0x00000000eb380000)
  from space 10752K, 99% used [0x00000000ec600000,0x00000000ed06c5a8,0x00000000ed080000)
  to   space 30720K, 0% used [0x00000000ed980000,0x00000000ed980000,0x00000000ef780000)
 ParOldGen       total 143360K, used 73448K [0x00000000a0000000, 0x00000000a8c00000, 0x00000000e0000000)
  object space 143360K, 51% used [0x00000000a0000000,0x00000000a47ba2b8,0x00000000a8c00000)
 Metaspace       used 86692K, capacity 90726K, committed 90752K, reserved 1128448K
  class space    used 11376K, capacity 12139K, committed 12160K, reserved 1048576K
}
Event: 1493.292 GC heap before
{Heap before GC invocations=19 (full 3):
 PSYoungGen      total 194560K, used 189754K [0x00000000e0000000, 0x00000000ef780000, 0x0000000100000000)
  eden space 183808K, 97% used [0x00000000e0000000,0x00000000eaee2338,0x00000000eb380000)
  from space 10752K, 99% used [0x00000000ec600000,0x00000000ed06c5a8,0x00000000ed080000)
  to   space 30720K, 0% used [0x00000000ed980000,0x00000000ed980000,0x00000000ef780000)
 ParOldGen       total 143360K, used 73448K [0x00000000a0000000, 0x00000000a8c00000, 0x00000000e0000000)
  object space 143360K, 51% used [0x00000000a0000000,0x00000000a47ba2b8,0x00000000a8c00000)
 Metaspace       used 93805K, capacity 98348K, committed 98380K, reserved 1134592K
  class space    used 12340K, capacity 13160K, committed 13184K, reserved 1048576K
Event: 1493.348 GC heap after
Heap after GC invocations=19 (full 3):
 PSYoungGen      total 193024K, used 10174K [0x00000000e0000000, 0x00000000ee800000, 0x0000000100000000)
  eden space 178176K, 0% used [0x00000000e0000000,0x00000000e0000000,0x00000000eae00000)
  from space 14848K, 68% used [0x00000000ed980000,0x00000000ee36f9b8,0x00000000ee800000)
  to   space 29696K, 0% used [0x00000000eae00000,0x00000000eae00000,0x00000000ecb00000)
 ParOldGen       total 143360K, used 73464K [0x00000000a0000000, 0x00000000a8c00000, 0x00000000e0000000)
  object space 143360K, 51% used [0x00000000a0000000,0x00000000a47be2b8,0x00000000a8c00000)
 Metaspace       used 93805K, capacity 98348K, committed 98380K, reserved 1134592K
  class space    used 12340K, capacity 13160K, committed 13184K, reserved 1048576K
}
Event: 1493.348 GC heap before
{Heap before GC invocations=20 (full 4):
 PSYoungGen      total 193024K, used 10174K [0x00000000e0000000, 0x00000000ee800000, 0x0000000100000000)
  eden space 178176K, 0% used [0x00000000e0000000,0x00000000e0000000,0x00000000eae00000)
  from space 14848K, 68% used [0x00000000ed980000,0x00000000ee36f9b8,0x00000000ee800000)
  to   space 29696K, 0% used [0x00000000eae00000,0x00000000eae00000,0x00000000ecb00000)
 ParOldGen       total 143360K, used 73464K [0x00000000a0000000, 0x00000000a8c00000, 0x00000000e0000000)
  object space 143360K, 51% used [0x00000000a0000000,0x00000000a47be2b8,0x00000000a8c00000)
 Metaspace       used 93805K, capacity 98348K, committed 98380K, reserved 1134592K
  class space    used 12340K, capacity 13160K, committed 13184K, reserved 1048576K
Event: 1494.338 GC heap after
Heap after GC invocations=20 (full 4):
 PSYoungGen      total 193024K, used 0K [0x00000000e0000000, 0x00000000ee800000, 0x0000000100000000)
  eden space 178176K, 0% used [0x00000000e0000000,0x00000000e0000000,0x00000000eae00000)
  from space 14848K, 0% used [0x00000000ed980000,0x00000000ed980000,0x00000000ee800000)
  to   space 29696K, 0% used [0x00000000eae00000,0x00000000eae00000,0x00000000ecb00000)
 ParOldGen       total 215552K, used 58382K [0x00000000a0000000, 0x00000000ad280000, 0x00000000e0000000)
  object space 215552K, 27% used [0x00000000a0000000,0x00000000a3903ab0,0x00000000ad280000)
 Metaspace       used 93713K, capacity 98090K, committed 98380K, reserved 1134592K
  class space    used 12311K, capacity 13114K, committed 13184K, reserved 1048576K
}
Event: 1503.062 GC heap before
{Heap before GC invocations=21 (full 4):
 PSYoungGen      total 193024K, used 177932K [0x00000000e0000000, 0x00000000ee800000, 0x0000000100000000)
  eden space 178176K, 99% used [0x00000000e0000000,0x00000000eadc32f8,0x00000000eae00000)
  from space 14848K, 0% used [0x00000000ed980000,0x00000000ed980000,0x00000000ee800000)
  to   space 29696K, 0% used [0x00000000eae00000,0x00000000eae00000,0x00000000ecb00000)
 ParOldGen       total 215552K, used 58382K [0x00000000a0000000, 0x00000000ad280000, 0x00000000e0000000)
  object space 215552K, 27% used [0x00000000a0000000,0x00000000a3903ab0,0x00000000ad280000)
 Metaspace       used 94946K, capacity 99428K, committed 99660K, reserved 1136640K
  class space    used 12496K, capacity 13295K, committed 13440K, reserved 1048576K
Event: 1503.115 GC heap after
Heap after GC invocations=21 (full 4):
 PSYoungGen      total 207872K, used 8008K [0x00000000e0000000, 0x00000000ee800000, 0x0000000100000000)
  eden space 178176K, 0% used [0x00000000e0000000,0x00000000e0000000,0x00000000eae00000)
  from space 29696K, 26% used [0x00000000eae00000,0x00000000eb5d22b8,0x00000000ecb00000)
  to   space 14848K, 0% used [0x00000000ed980000,0x00000000ed980000,0x00000000ee800000)
 ParOldGen       total 215552K, used 58390K [0x00000000a0000000, 0x00000000ad280000, 0x00000000e0000000)
  object space 215552K, 27% used [0x00000000a0000000,0x00000000a3905ab0,0x00000000ad280000)
 Metaspace       used 94946K, capacity 99428K, committed 99660K, reserved 1136640K
  class space    used 12496K, capacity 13295K, committed 13440K, reserved 1048576K
}

Deoptimization events (10 events):
Event: 1501.129 Thread 0x000000001bb74000 Uncommon trap: reason=class_check action=maybe_recompile pc=0x0000000005c85560 method=com.android.tools.r8.utils.O.next()Lcom/android/tools/r8/graph/C; @ 137
Event: 1501.129 Thread 0x000000001bb74000 Uncommon trap: reason=class_check action=maybe_recompile pc=0x0000000005c85560 method=com.android.tools.r8.utils.O.next()Lcom/android/tools/r8/graph/C; @ 137
Event: 1501.388 Thread 0x000000001bb74000 Uncommon trap: reason=unstable_if action=reinterpret pc=0x0000000005c0eebc method=java.util.TimSort.mergeLo(IIII)V @ 487
Event: 1501.400 Thread 0x000000001bb74000 Uncommon trap: reason=bimorphic action=maybe_recompile pc=0x0000000005b7324c method=java.util.TimSort.mergeLo(IIII)V @ 189
Event: 1501.447 Thread 0x000000001bb74000 Uncommon trap: reason=unstable_if action=reinterpret pc=0x0000000005c4e4a0 method=java.util.TimSort.mergeHi(IIII)V @ 584
Event: 1501.507 Thread 0x000000001bb74000 Uncommon trap: reason=unstable_if action=reinterpret pc=0x0000000005be0ba0 method=com.android.tools.r8.dex.DexOutputBuffer.j(I)V @ 8
Event: 1502.611 Thread 0x000000001bb74000 Uncommon trap: reason=unstable_if action=reinterpret pc=0x000000000353af44 method=java.nio.Bits.copyFromArray(Ljava/lang/Object;JJJJ)V @ 18
Event: 1502.857 Thread 0x000000002190e000 Uncommon trap: reason=unstable_if action=reinterpret pc=0x000000000556f834 method=java.util.stream.SpinedBuffer.clear()V @ 64
Event: 1503.004 Thread 0x000000002190e000 Uncommon trap: reason=unstable_if action=reinterpret pc=0x00000000055a6cc4 method=java.nio.Bits.copyToArray(JLjava/lang/Object;JJJ)V @ 19
Event: 1503.012 Thread 0x000000002190e000 Uncommon trap: reason=class_check action=maybe_recompile pc=0x0000000005bb54a8 method=java.util.Collections$SetFromMap.<init>(Ljava/util/Map;)V @ 5

Classes redefined (0 events):
No events

Internal exceptions (10 events):
Event: 1492.669 Thread 0x000000002190d000 Exception <a 'sun/nio/fs/WindowsException'> (0x00000000ea4c2310) thrown at [C:\re\workspace\8-2-build-windows-amd64-cygwin\jdk8u201\12322\hotspot\src\share\vm\prims\jni.cpp, line 709]
Event: 1492.671 Thread 0x000000002190d000 Exception <a 'sun/nio/fs/WindowsException'> (0x00000000ea4c8b10) thrown at [C:\re\workspace\8-2-build-windows-amd64-cygwin\jdk8u201\12322\hotspot\src\share\vm\prims\jni.cpp, line 709]
Event: 1492.674 Thread 0x000000002190d000 Exception <a 'sun/nio/fs/WindowsException'> (0x00000000ea550148) thrown at [C:\re\workspace\8-2-build-windows-amd64-cygwin\jdk8u201\12322\hotspot\src\share\vm\prims\jni.cpp, line 709]
Event: 1492.682 Thread 0x000000002190d000 Exception <a 'sun/nio/fs/WindowsException'> (0x00000000ea556748) thrown at [C:\re\workspace\8-2-build-windows-amd64-cygwin\jdk8u201\12322\hotspot\src\share\vm\prims\jni.cpp, line 709]
Event: 1493.202 Thread 0x000000001b546000 Exception <a 'java/lang/NoSuchMethodError': <clinit>> (0x00000000eaa3d668) thrown at [C:\re\workspace\8-2-build-windows-amd64-cygwin\jdk8u201\12322\hotspot\src\share\vm\prims\jni.cpp, line 1613]
Event: 1494.551 Thread 0x000000001bb68000 Exception <a 'sun/nio/fs/WindowsException'> (0x00000000e04217e0) thrown at [C:\re\workspace\8-2-build-windows-amd64-cygwin\jdk8u201\12322\hotspot\src\share\vm\prims\jni.cpp, line 709]
Event: 1495.918 Thread 0x000000001bb75000 Implicit null exception at 0x000000000355692f to 0x0000000003556a21
Event: 1500.880 Thread 0x000000001bb74000 Implicit null exception at 0x0000000005ebdb18 to 0x0000000005ebde45
Event: 1502.590 Thread 0x000000001bb74000 Exception <a 'sun/nio/fs/WindowsException'> (0x00000000ea14ae10) thrown at [C:\re\workspace\8-2-build-windows-amd64-cygwin\jdk8u201\12322\hotspot\src\share\vm\prims\jni.cpp, line 709]
Event: 1503.006 Thread 0x000000002190e000 Exception <a 'sun/nio/fs/WindowsException'> (0x00000000ea7316c8) thrown at [C:\re\workspace\8-2-build-windows-amd64-cygwin\jdk8u201\12322\hotspot\src\share\vm\prims\jni.cpp, line 709]

Events (10 events):
Event: 1502.857 Thread 0x000000002190e000 DEOPT PACKING pc=0x000000000556f834 sp=0x000000002943e360
Event: 1502.857 Thread 0x000000002190e000 DEOPT UNPACKING pc=0x0000000002b6583b sp=0x000000002943e2f8 mode 2
Event: 1503.004 Thread 0x000000002190e000 Uncommon trap: trap_request=0xffffff65 fr.pc=0x00000000055a6cc4
Event: 1503.004 Thread 0x000000002190e000 DEOPT PACKING pc=0x00000000055a6cc4 sp=0x000000002943dff0
Event: 1503.004 Thread 0x000000002190e000 DEOPT UNPACKING pc=0x0000000002b6583b sp=0x000000002943de00 mode 2
Event: 1503.012 Thread 0x000000002190e000 Uncommon trap: trap_request=0xffffffde fr.pc=0x0000000005bb54a8
Event: 1503.012 Thread 0x000000002190e000 DEOPT PACKING pc=0x0000000005bb54a8 sp=0x000000002943e320
Event: 1503.012 Thread 0x000000002190e000 DEOPT UNPACKING pc=0x0000000002b6583b sp=0x000000002943e2b8 mode 2
Event: 1503.061 Executing VM operation: ParallelGCFailedAllocation
Event: 1503.115 Executing VM operation: ParallelGCFailedAllocation done


Dynamic libraries:
0x00007ff7d20e0000 - 0x00007ff7d2117000 	C:\Program Files\Java\jdk1.8.0_201\bin\java.exe
0x00007ffcfe950000 - 0x00007ffcfeb3d000 	C:\WINDOWS\SYSTEM32\ntdll.dll
0x00007ffcfd760000 - 0x00007ffcfd813000 	C:\WINDOWS\System32\KERNEL32.DLL
0x00007ffcfb8b0000 - 0x00007ffcfbb43000 	C:\WINDOWS\System32\KERNELBASE.dll
0x00007ffcfe330000 - 0x00007ffcfe3d3000 	C:\WINDOWS\System32\ADVAPI32.dll
0x00007ffcfe480000 - 0x00007ffcfe51e000 	C:\WINDOWS\System32\msvcrt.dll
0x00007ffcfe3e0000 - 0x00007ffcfe47e000 	C:\WINDOWS\System32\sechost.dll
0x00007ffcfe120000 - 0x00007ffcfe242000 	C:\WINDOWS\System32\RPCRT4.dll
0x00007ffcfdb10000 - 0x00007ffcfdca7000 	C:\WINDOWS\System32\USER32.dll
0x00007ffcfbb50000 - 0x00007ffcfbb70000 	C:\WINDOWS\System32\win32u.dll
0x00007ffcfdcb0000 - 0x00007ffcfdcd9000 	C:\WINDOWS\System32\GDI32.dll
0x00007ffcfaba0000 - 0x00007ffcfad39000 	C:\WINDOWS\System32\gdi32full.dll
0x00007ffcfb610000 - 0x00007ffcfb6b0000 	C:\WINDOWS\System32\msvcp_win.dll
0x00007ffcfb510000 - 0x00007ffcfb60a000 	C:\WINDOWS\System32\ucrtbase.dll
0x00007ffcee450000 - 0x00007ffcee6c9000 	C:\WINDOWS\WinSxS\amd64_microsoft.windows.common-controls_6595b64144ccf1df_6.0.17763.737_none_05b6437c071e554b\COMCTL32.dll
0x00007ffcfe5f0000 - 0x00007ffcfe91c000 	C:\WINDOWS\System32\combase.dll
0x00007ffcfaa10000 - 0x00007ffcfaa8e000 	C:\WINDOWS\System32\bcryptPrimitives.dll
0x00007ffcfe250000 - 0x00007ffcfe27e000 	C:\WINDOWS\System32\IMM32.DLL
0x000000006c750000 - 0x000000006c821000 	C:\Program Files\Java\jdk1.8.0_201\jre\bin\msvcr100.dll
0x000000006bea0000 - 0x000000006c744000 	C:\Program Files\Java\jdk1.8.0_201\jre\bin\server\jvm.dll
0x00007ffcfd2b0000 - 0x00007ffcfd2b8000 	C:\WINDOWS\System32\PSAPI.DLL
0x00007ffcf4910000 - 0x00007ffcf4919000 	C:\WINDOWS\SYSTEM32\WSOCK32.dll
0x00007ffcf8990000 - 0x00007ffcf89b4000 	C:\WINDOWS\SYSTEM32\WINMM.dll
0x00007ffcfe520000 - 0x00007ffcfe58d000 	C:\WINDOWS\System32\WS2_32.dll
0x00007ffcef820000 - 0x00007ffcef82a000 	C:\WINDOWS\SYSTEM32\VERSION.dll
0x00007ffcf8870000 - 0x00007ffcf889d000 	C:\WINDOWS\SYSTEM32\WINMMBASE.dll
0x00007ffcfad40000 - 0x00007ffcfad8a000 	C:\WINDOWS\System32\cfgmgr32.dll
0x00007ffcf6ef0000 - 0x00007ffcf6eff000 	C:\Program Files\Java\jdk1.8.0_201\jre\bin\verify.dll
0x00007ffcf39a0000 - 0x00007ffcf39c9000 	C:\Program Files\Java\jdk1.8.0_201\jre\bin\java.dll
0x00007ffcf6ed0000 - 0x00007ffcf6ee6000 	C:\Program Files\Java\jdk1.8.0_201\jre\bin\zip.dll
0x00007ffcfbdb0000 - 0x00007ffcfd2a2000 	C:\WINDOWS\System32\SHELL32.dll
0x00007ffcfe280000 - 0x00007ffcfe328000 	C:\WINDOWS\System32\shcore.dll
0x00007ffcfadc0000 - 0x00007ffcfb50a000 	C:\WINDOWS\System32\windows.storage.dll
0x00007ffcfa9c0000 - 0x00007ffcfa9e4000 	C:\WINDOWS\System32\profapi.dll
0x00007ffcfa960000 - 0x00007ffcfa9bd000 	C:\WINDOWS\System32\powrprof.dll
0x00007ffcfe590000 - 0x00007ffcfe5e2000 	C:\WINDOWS\System32\shlwapi.dll
0x00007ffcfa940000 - 0x00007ffcfa951000 	C:\WINDOWS\System32\kernel.appcore.dll
0x00007ffcfb890000 - 0x00007ffcfb8a7000 	C:\WINDOWS\System32\cryptsp.dll
0x00007ffcf3980000 - 0x00007ffcf399a000 	C:\Program Files\Java\jdk1.8.0_201\jre\bin\net.dll
0x00007ffcf0a80000 - 0x00007ffcf0c57000 	C:\WINDOWS\SYSTEM32\urlmon.dll
0x00007ffcefaa0000 - 0x00007ffcefd48000 	C:\WINDOWS\SYSTEM32\iertutil.dll
0x00007ffcfa320000 - 0x00007ffcfa32c000 	C:\WINDOWS\SYSTEM32\CRYPTBASE.DLL
0x00007ffcfa150000 - 0x00007ffcfa1b7000 	C:\WINDOWS\system32\mswsock.dll
0x00007ffcf3960000 - 0x00007ffcf3971000 	C:\Program Files\Java\jdk1.8.0_201\jre\bin\nio.dll
0x00007ffcf6f00000 - 0x00007ffcf6f26000 	C:\Users\MaiTuanAnhLapTop\.gradle\native\29\windows-amd64\native-platform.dll
0x00007ffcf3950000 - 0x00007ffcf395d000 	C:\Program Files\Java\jdk1.8.0_201\jre\bin\management.dll
0x00007ffcf9cd0000 - 0x00007ffcf9d03000 	C:\WINDOWS\system32\rsaenh.dll
0x00007ffcfad90000 - 0x00007ffcfadb6000 	C:\WINDOWS\System32\bcrypt.dll
0x00007ffcfa840000 - 0x00007ffcfa868000 	C:\WINDOWS\SYSTEM32\USERENV.dll
0x00007ffcf9e70000 - 0x00007ffcf9ead000 	C:\WINDOWS\SYSTEM32\IPHLPAPI.DLL
0x00007ffcfdeb0000 - 0x00007ffcfdeb8000 	C:\WINDOWS\System32\NSI.dll
0x00007ffcf21a0000 - 0x00007ffcf21b6000 	C:\WINDOWS\SYSTEM32\dhcpcsvc6.DLL
0x00007ffcf2180000 - 0x00007ffcf219c000 	C:\WINDOWS\SYSTEM32\dhcpcsvc.DLL
0x00007ffcf9eb0000 - 0x00007ffcf9f76000 	C:\WINDOWS\SYSTEM32\DNSAPI.dll
0x00007ffccdbf0000 - 0x00007ffccdd89000 	C:\Program Files\Java\jdk1.8.0_201\jre\bin\awt.dll
0x00007ffcfd8a0000 - 0x00007ffcfd964000 	C:\WINDOWS\System32\OLEAUT32.dll
0x00007ffcf8bf0000 - 0x00007ffcf8c7c000 	C:\WINDOWS\SYSTEM32\apphelp.dll
0x00007ffcf8fe0000 - 0x00007ffcf900e000 	C:\WINDOWS\system32\DWMAPI.DLL
0x00007ffcfb6b0000 - 0x00007ffcfb88b000 	C:\WINDOWS\System32\CRYPT32.dll
0x00007ffcfa9f0000 - 0x00007ffcfaa02000 	C:\WINDOWS\System32\MSASN1.dll
0x00007ffcf8f10000 - 0x00007ffcf8fac000 	C:\WINDOWS\system32\uxtheme.dll
0x00007ffcef1f0000 - 0x00007ffcef21a000 	C:\Program Files\Java\jdk1.8.0_201\jre\bin\dcpr.dll

VM Arguments:
jvm_args: -Xmx1536m -Dfile.encoding=windows-1252 -Duser.country=US -Duser.language=en -Duser.variant 
java_command: org.gradle.launcher.daemon.bootstrap.GradleDaemon 5.4.1
java_class_path (initial): C:\Users\MaiTuanAnhLapTop\.gradle\wrapper\dists\gradle-5.4.1-all\3221gyojl5jsh0helicew7rwx\gradle-5.4.1\lib\gradle-launcher-5.4.1.jar
Launcher Type: SUN_STANDARD

Environment Variables:
JAVA_HOME=C:\Program Files\Java\jdk1.8.0_201
PATH="C:\Program Files (x86)\Common Files\Oracle\Java\javapath;D:\software_study\java\apache-maven-3.6.1-bin\apache-maven-3.6.1\bin;C:\Program Files\Java\jdk1.8.0_201\bin";"C:\Program Files\Java\jdk1.8.0_201\bin;C:\Program Files (x86)\Common Files\Oracle\Java\javapath;D:\software_study\java\apache-maven-3.6.1-bin\apache-maven-3.6.1\bin;C:\Program Files\Java\jdk1.8.0_201\bin";C:\WINDOWS\system32;C:\WINDOWS;C:\WINDOWS\System32\Wbem;C:\WINDOWS\System32\WindowsPowerShell\v1.0\;C:\WINDOWS\System32\OpenSSH\;C:\Program Files (x86)\NVIDIA Corporation\PhysX\Common;C:\Program Files\Git\cmd;C:\Program Files\NVIDIA Corporation\NVIDIA NvDLISR;C:\WINDOWS\system32;C:\WINDOWS;C:\WINDOWS\System32\Wbem;C:\WINDOWS\System32\WindowsPowerShell\v1.0\;C:\WINDOWS\System32\OpenSSH\;C:\Program Files\Java\jdk1.8.0_201\bin;C:\xampp\php;C:\ProgramData\ComposerSetup\bin;C:\flutter\flutter\bin;C:\Users\MaiTuanAnhLapTop\AppData\Local\Microsoft\WindowsApps;%DASHLANE_DLL_DIR%;C:\Users\MaiTuanAnhLapTop\AppData\Roaming\Composer\vendor\bin;%IntelliJ IDEA Community Edition%;C:\flutter\flutter\bin;
USERNAME=MaiTuanAnhLapTop
OS=Windows_NT
PROCESSOR_IDENTIFIER=Intel64 Family 6 Model 61 Stepping 4, GenuineIntel



---------------  S Y S T E M  ---------------

OS: Windows 10.0 , 64 bit Build 17763 (10.0.17763.475)

CPU:total 4 (initial active 4) (2 cores per cpu, 2 threads per core) family 6 model 61 stepping 4, cmov, cx8, fxsr, mmx, sse, sse2, sse3, ssse3, sse4.1, sse4.2, popcnt, avx, avx2, aes, clmul, erms, 3dnowpref, lzcnt, ht, tsc, tscinvbit, bmi1, bmi2, adx

Memory: 4k page, physical 8296264k(793024k free), swap 8296264k(7556k free)

vm_info: Java HotSpot(TM) 64-Bit Server VM (25.201-b09) for windows-amd64 JRE (1.8.0_201-b09), built on Dec 15 2018 18:36:39 by "java_re" with MS VC++ 10.0 (VS2010)

time: Sun Sep 22 20:15:06 2019
timezone: SE Asia Standard Time
elapsed time: 1503 seconds (0d 0h 25m 3s)

