#
# There is insufficient memory for the Java Runtime Environment to continue.
# Native memory allocation (malloc) failed to allocate 1067264 bytes for Chunk::new
# Possible reasons:
#   The system is out of physical RAM or swap space
#   The process is running with CompressedOops enabled, and the Java Heap may be blocking the growth of the native heap
# Possible solutions:
#   Reduce memory load on the system
#   Increase physical memory or swap space
#   Check if swap backing store is full
#   Decrease Java heap size (-Xmx/-Xms)
#   Decrease number of Java threads
#   Decrease Java thread stack sizes (-Xss)
#   Set larger code cache with -XX:ReservedCodeCacheSize=
#   JVM is running with Unscaled Compressed Oops mode in which the Java heap is
#     placed in the first 4GB address space. The Java Heap base address is the
#     maximum limit for the native heap growth. Please use -XX:HeapBaseMinAddress
#     to set the Java Heap base and to place the Java Heap above 4GB virtual address.
# This output file may be truncated or incomplete.
#
#  Out of Memory Error (allocation.cpp:390), pid=1632, tid=0x0000000000002330
#
# JRE version: Java(TM) SE Runtime Environment (8.0_201-b09) (build 1.8.0_201-b09)
# Java VM: Java HotSpot(TM) 64-Bit Server VM (25.201-b09 mixed mode windows-amd64 compressed oops)
# Failed to write core dump. Minidumps are not enabled by default on client versions of Windows
#

---------------  T H R E A D  ---------------

Current thread (0x00000000164e5000):  JavaThread "C2 CompilerThread1" daemon [_thread_in_native, id=9008, stack(0x0000000017c30000,0x0000000017d30000)]

Stack: [0x0000000017c30000,0x0000000017d30000]
[error occurred during error reporting (printing stack bounds), id 0xc0000005]

Native frames: (J=compiled Java code, j=interpreted, Vv=VM code, C=native code)


Current CompileTask:
C2:1540158 23829       4       com.android.tools.r8.graph.DexField::a (44 bytes)


---------------  P R O C E S S  ---------------

Java Threads: ( => current thread )
  0x000000001cc99800 JavaThread "WorkerExecutor Queue Thread 5" [_thread_blocked, id=2388, stack(0x000000003a120000,0x000000003a220000)]
  0x000000001cc8f000 JavaThread "ForkJoinPool.commonPool-worker-1" daemon [_thread_blocked, id=9648, stack(0x000000003a020000,0x000000003a120000)]
  0x000000001cc96000 JavaThread "ForkJoinPool.commonPool-worker-0" daemon [_thread_blocked, id=2848, stack(0x0000000039f20000,0x000000003a020000)]
  0x000000001cc8e800 JavaThread "ForkJoinPool.commonPool-worker-3" daemon [_thread_blocked, id=9472, stack(0x0000000039e20000,0x0000000039f20000)]
  0x000000001cc8d800 JavaThread "Cache worker for Java compile cache (D:\Projects_all\AndroidHK2019\getElemetJson\.gradle\5.4.1\javaCompile)" [_thread_blocked, id=6412, stack(0x0000000039d20000,0x0000000039e20000)]
  0x000000001cc93000 JavaThread "stdout" [_thread_in_native, id=9732, stack(0x0000000039c20000,0x0000000039d20000)]
  0x000000001cc92000 JavaThread "stderr" [_thread_in_native, id=9640, stack(0x0000000039b20000,0x0000000039c20000)]
  0x000000001cc91800 JavaThread "stdout" [_thread_in_native, id=2872, stack(0x0000000039a20000,0x0000000039b20000)]
  0x000000001cc8c000 JavaThread "stderr" [_thread_in_native, id=9656, stack(0x0000000039920000,0x0000000039a20000)]
  0x000000001cc8b800 JavaThread "stdout" [_thread_in_native, id=8664, stack(0x0000000039820000,0x0000000039920000)]
  0x000000001cc90800 JavaThread "stderr" [_thread_in_native, id=4424, stack(0x0000000039720000,0x0000000039820000)]
  0x000000001cc90000 JavaThread "stdout" [_thread_in_native, id=2528, stack(0x0000000039620000,0x0000000039720000)]
  0x000000001904c000 JavaThread "stderr" [_thread_in_native, id=13244, stack(0x0000000039520000,0x0000000039620000)]
  0x0000000019049000 JavaThread "pool-31-thread-1" [_thread_blocked, id=3800, stack(0x0000000039420000,0x0000000039520000)]
  0x000000001904d000 JavaThread "Java2D Disposer" daemon [_thread_blocked, id=12488, stack(0x0000000039320000,0x0000000039420000)]
  0x000000001904b800 JavaThread "WorkerExecutor Queue Thread 4" [_thread_blocked, id=2860, stack(0x0000000039020000,0x0000000039120000)]
  0x0000000019046000 JavaThread "WorkerExecutor Queue Thread 3" [_thread_blocked, id=4512, stack(0x0000000038f20000,0x0000000039020000)]
  0x000000001c8f2000 JavaThread "WorkerExecutor Queue Thread 2" [_thread_in_native, id=6608, stack(0x0000000038e20000,0x0000000038f20000)]
  0x000000001c8f6000 JavaThread "WorkerExecutor Queue" [_thread_blocked, id=11708, stack(0x0000000038d20000,0x0000000038e20000)]
  0x000000001c8ea000 JavaThread "Cache worker for execution history cache (D:\Projects_all\AndroidHK2019\getElemetJson\.gradle\5.4.1\executionHistory)" [_thread_blocked, id=6768, stack(0x0000000038c20000,0x0000000038d20000)]
  0x000000001c8ec000 JavaThread "Execution worker for ':' Thread 3" [_thread_in_native, id=9668, stack(0x0000000038b20000,0x0000000038c20000)]
  0x000000001c8ea800 JavaThread "Execution worker for ':' Thread 2" [_thread_blocked, id=5892, stack(0x0000000038a20000,0x0000000038b20000)]
  0x000000001c8f0800 JavaThread "Execution worker for ':'" [_thread_blocked, id=11016, stack(0x0000000038920000,0x0000000038a20000)]
  0x000000001c8ee800 JavaThread "Cache worker for file content cache (D:\Projects_all\AndroidHK2019\getElemetJson\.gradle\5.4.1\fileContent)" [_thread_blocked, id=12992, stack(0x0000000038820000,0x0000000038920000)]
  0x000000001e494800 JavaThread "Cache worker for Build Output Cleanup Cache (D:\Projects_all\AndroidHK2019\getElemetJson\.gradle\buildOutputCleanup)" [_thread_blocked, id=1808, stack(0x0000000038720000,0x0000000038820000)]
  0x000000001e498800 JavaThread "Build operations Thread 4" [_thread_blocked, id=12156, stack(0x0000000038620000,0x0000000038720000)]
  0x000000001e499000 JavaThread "Build operations Thread 3" [_thread_blocked, id=5844, stack(0x0000000038520000,0x0000000038620000)]
  0x000000001e496000 JavaThread "Build operations Thread 2" [_thread_blocked, id=6680, stack(0x0000000038420000,0x0000000038520000)]
  0x000000001e49a000 JavaThread "Build operations" [_thread_blocked, id=2284, stack(0x0000000038320000,0x0000000038420000)]
  0x000000001e48d000 JavaThread "Cache worker for cache directory md-rule (C:\Users\MaiTuanAnhLapTop\.gradle\caches\5.4.1\md-rule)" [_thread_blocked, id=13032, stack(0x0000000038220000,0x0000000038320000)]
  0x000000001e48c800 JavaThread "Cache worker for cache directory md-supplier (C:\Users\MaiTuanAnhLapTop\.gradle\caches\5.4.1\md-supplier)" [_thread_blocked, id=8492, stack(0x0000000038120000,0x0000000038220000)]
  0x000000001e493000 JavaThread "Cache worker for file hash cache (D:\Projects_all\AndroidHK2019\getElemetJson\.gradle\5.4.1\fileHashes)" [_thread_blocked, id=11548, stack(0x0000000038020000,0x0000000038120000)]
  0x000000001e48b800 JavaThread "Thread-282" [_thread_blocked, id=4796, stack(0x0000000037f20000,0x0000000038020000)]
  0x000000001e48e800 JavaThread "Stdin handler" [_thread_blocked, id=12132, stack(0x0000000037e20000,0x0000000037f20000)]
  0x000000001e491000 JavaThread "Asynchronous log dispatcher for DefaultDaemonConnection: socket connection from /127.0.0.1:63543 to /127.0.0.1:64077" [_thread_blocked, id=5560, stack(0x0000000037d20000,0x0000000037e20000)]
  0x000000001e48e000 JavaThread "Daemon worker Thread 4" [_thread_blocked, id=8000, stack(0x0000000037c20000,0x0000000037d20000)]
  0x000000001e48f800 JavaThread "Cancel handler" [_thread_blocked, id=9380, stack(0x0000000037b20000,0x0000000037c20000)]
  0x000000001e490000 JavaThread "Handler for socket connection from /127.0.0.1:63543 to /127.0.0.1:64077" [_thread_in_native, id=552, stack(0x0000000037a20000,0x0000000037b20000)]
  0x000000001e492800 JavaThread "Daemon Thread 4" [_thread_blocked, id=212, stack(0x0000000037920000,0x0000000037a20000)]
  0x000000001c8f1800 JavaThread "Cache worker for Java compile cache (C:\Users\MaiTuanAnhLapTop\.gradle\caches\5.4.1\javaCompile)" [_thread_blocked, id=9272, stack(0x0000000024c30000,0x0000000024d30000)]
  0x000000001e494000 JavaThread "Cache worker for file content cache (C:\Users\MaiTuanAnhLapTop\.gradle\caches\5.4.1\fileContent)" [_thread_blocked, id=9596, stack(0x0000000024130000,0x0000000024230000)]
  0x000000001c8f7800 JavaThread "Memory manager" [_thread_blocked, id=9136, stack(0x0000000022120000,0x0000000022220000)]
  0x000000001c8eb800 JavaThread "Cache worker for execution history cache (C:\Users\MaiTuanAnhLapTop\.gradle\caches\5.4.1\executionHistory)" [_thread_blocked, id=12996, stack(0x0000000020d20000,0x0000000020e20000)]
  0x0000000019047000 JavaThread "Cache worker for journal cache (C:\Users\MaiTuanAnhLapTop\.gradle\caches\journal-1)" [_thread_blocked, id=10072, stack(0x000000001c070000,0x000000001c170000)]
  0x000000001904a800 JavaThread "File lock request listener" [_thread_in_native, id=5716, stack(0x000000001bf70000,0x000000001c070000)]
  0x000000001904a000 JavaThread "Cache worker for file hash cache (C:\Users\MaiTuanAnhLapTop\.gradle\caches\5.4.1\fileHashes)" [_thread_blocked, id=6544, stack(0x000000001be70000,0x000000001bf70000)]
  0x0000000018d04000 JavaThread "Daemon periodic checks" [_thread_blocked, id=9184, stack(0x000000001b470000,0x000000001b570000)]
  0x00000000184e6800 JavaThread "Incoming local TCP Connector on port 63543" [_thread_in_native, id=13152, stack(0x000000001b230000,0x000000001b330000)]
  0x0000000019464800 JavaThread "Daemon health stats" [_thread_blocked, id=8620, stack(0x000000001abf0000,0x000000001acf0000)]
  0x0000000017e60800 JavaThread "Service Thread" daemon [_thread_blocked, id=7488, stack(0x0000000018230000,0x0000000018330000)]
  0x00000000164e9800 JavaThread "C1 CompilerThread2" daemon [_thread_blocked, id=6140, stack(0x0000000017d30000,0x0000000017e30000)]
=>0x00000000164e5000 JavaThread "C2 CompilerThread1" daemon [_thread_in_native, id=9008, stack(0x0000000017c30000,0x0000000017d30000)]
  0x00000000164d6800 JavaThread "C2 CompilerThread0" daemon [_thread_in_native, id=660, stack(0x0000000017b30000,0x0000000017c30000)]
  0x00000000164d4800 JavaThread "Attach Listener" daemon [_thread_blocked, id=10224, stack(0x0000000017a30000,0x0000000017b30000)]
  0x00000000164d3000 JavaThread "Signal Dispatcher" daemon [_thread_blocked, id=6864, stack(0x0000000017930000,0x0000000017a30000)]
  0x0000000002b5a800 JavaThread "Finalizer" daemon [_thread_blocked, id=9600, stack(0x0000000017730000,0x0000000017830000)]
  0x0000000002b52000 JavaThread "Reference Handler" daemon [_thread_blocked, id=6656, stack(0x0000000017630000,0x0000000017730000)]
  0x0000000002a62800 JavaThread "main" [_thread_blocked, id=12584, stack(0x0000000002960000,0x0000000002a60000)]

Other Threads:
  0x0000000016497800 VMThread [stack: 0x0000000017530000,0x0000000017630000] [id=2540]
  0x000000001652c800 WatcherThread [stack: 0x0000000018330000,0x0000000018430000] [id=12040]

VM state:not at safepoint (normal execution)

VM Mutex/Monitor currently owned by a thread: None

heap address: 0x00000000a0000000, size: 1536 MB, Compressed Oops mode: 32-bit
Narrow klass base: 0x0000000000000000, Narrow klass shift: 3
Compressed class space size: 1073741824 Address: 0x0000000100000000

Heap:
 PSYoungGen      total 343040K, used 59809K [0x00000000e0000000, 0x00000000f8880000, 0x0000000100000000)
  eden space 299008K, 13% used [0x00000000e0000000,0x00000000e2627970,0x00000000f2400000)
  from space 44032K, 47% used [0x00000000f2400000,0x00000000f3840ad0,0x00000000f4f00000)
  to   space 42496K, 0% used [0x00000000f5f00000,0x00000000f5f00000,0x00000000f8880000)
 ParOldGen       total 179712K, used 56325K [0x00000000a0000000, 0x00000000aaf80000, 0x00000000e0000000)
  object space 179712K, 31% used [0x00000000a0000000,0x00000000a3701508,0x00000000aaf80000)
 Metaspace       used 101384K, capacity 108000K, committed 108160K, reserved 1142784K
  class space    used 13202K, capacity 14371K, committed 14464K, reserved 1048576K

Card table byte_map: [0x0000000011f20000,0x0000000012230000] byte_map_base: 0x0000000011a20000

Marking Bits: (ParMarkBitMap*) 0x0000000062e24ce0
 Begin Bits: [0x0000000012830000, 0x0000000014030000)
 End Bits:   [0x0000000014030000, 0x0000000015830000)

Polling page: 0x00000000028c0000

CodeCache: size=245760Kb used=71553Kb max_used=71584Kb free=174206Kb
 bounds [0x0000000002b60000, 0x00000000071b0000, 0x0000000011b60000]
 total_blobs=20388 nmethods=19417 adapters=881
 compilation: enabled

Compilation events (10 events):
Event: 1539.775 Thread 0x00000000164e5000 nmethod 23738 0x0000000007178f50 code [0x0000000007179b20, 0x00000000071817b8]
Event: 1539.776 Thread 0x00000000164e5000 23921       4       com.android.tools.r8.n.a.a.a.h.N::a (115 bytes)
Event: 1539.782 Thread 0x00000000164e5000 nmethod 23921 0x0000000007175890 code [0x0000000007175a00, 0x0000000007175cd8]
Event: 1539.782 Thread 0x00000000164e5000 23829       4       com.android.tools.r8.graph.DexField::a (44 bytes)
Event: 1539.919 Thread 0x00000000164d6800 nmethod 23777 0x0000000007194210 code [0x0000000007194860, 0x0000000007199dc8]
Event: 1539.919 Thread 0x00000000164d6800 23830       4       com.android.tools.r8.dex.VirtualFile$g::b (17 bytes)
Event: 1539.980 Thread 0x00000000164e9800 23951       2       java.time.Instant::compareTo (28 bytes)
Event: 1539.980 Thread 0x00000000164e9800 nmethod 23951 0x0000000007178b90 code [0x0000000007178ce0, 0x0000000007178e90]
Event: 1540.011 Thread 0x00000000164e9800 23952       1       java.lang.invoke.MemberName::getReferenceKind (12 bytes)
Event: 1540.012 Thread 0x00000000164e9800 nmethod 23952 0x00000000071788d0 code [0x0000000007178a20, 0x0000000007178b30]

GC Heap History (10 events):
Event: 445.130 GC heap before
{Heap before GC invocations=37 (full 4):
 PSYoungGen      total 304640K, used 17520K [0x00000000e0000000, 0x00000000f6c80000, 0x0000000100000000)
  eden space 257536K, 0% used [0x00000000e0000000,0x00000000e0000000,0x00000000efb80000)
  from space 47104K, 37% used [0x00000000efb80000,0x00000000f0c9c0a0,0x00000000f2980000)
  to   space 45568K, 0% used [0x00000000f4000000,0x00000000f4000000,0x00000000f6c80000)
 ParOldGen       total 122368K, used 72834K [0x00000000a0000000, 0x00000000a7780000, 0x00000000e0000000)
  object space 122368K, 59% used [0x00000000a0000000,0x00000000a4720b70,0x00000000a7780000)
 Metaspace       used 92992K, capacity 98412K, committed 98560K, reserved 1134592K
  class space    used 12323K, capacity 13333K, committed 13440K, reserved 1048576K
Event: 445.519 GC heap after
Heap after GC invocations=37 (full 4):
 PSYoungGen      total 304640K, used 0K [0x00000000e0000000, 0x00000000f6c80000, 0x0000000100000000)
  eden space 257536K, 0% used [0x00000000e0000000,0x00000000e0000000,0x00000000efb80000)
  from space 47104K, 0% used [0x00000000efb80000,0x00000000efb80000,0x00000000f2980000)
  to   space 45568K, 0% used [0x00000000f4000000,0x00000000f4000000,0x00000000f6c80000)
 ParOldGen       total 179712K, used 56293K [0x00000000a0000000, 0x00000000aaf80000, 0x00000000e0000000)
  object space 179712K, 31% used [0x00000000a0000000,0x00000000a36f9508,0x00000000aaf80000)
 Metaspace       used 92935K, capacity 98256K, committed 98560K, reserved 1134592K
  class space    used 12303K, capacity 13299K, committed 13440K, reserved 1048576K
}
Event: 485.714 GC heap before
{Heap before GC invocations=38 (full 4):
 PSYoungGen      total 304640K, used 257536K [0x00000000e0000000, 0x00000000f6c80000, 0x0000000100000000)
  eden space 257536K, 100% used [0x00000000e0000000,0x00000000efb80000,0x00000000efb80000)
  from space 47104K, 0% used [0x00000000efb80000,0x00000000efb80000,0x00000000f2980000)
  to   space 45568K, 0% used [0x00000000f4000000,0x00000000f4000000,0x00000000f6c80000)
 ParOldGen       total 179712K, used 56293K [0x00000000a0000000, 0x00000000aaf80000, 0x00000000e0000000)
  object space 179712K, 31% used [0x00000000a0000000,0x00000000a36f9508,0x00000000aaf80000)
 Metaspace       used 93306K, capacity 98832K, committed 99072K, reserved 1134592K
  class space    used 12339K, capacity 13363K, committed 13440K, reserved 1048576K
Event: 485.730 GC heap after
Heap after GC invocations=38 (full 4):
 PSYoungGen      total 326656K, used 3840K [0x00000000e0000000, 0x00000000f6e80000, 0x0000000100000000)
  eden space 281088K, 0% used [0x00000000e0000000,0x00000000e0000000,0x00000000f1280000)
  from space 45568K, 8% used [0x00000000f4000000,0x00000000f43c0030,0x00000000f6c80000)
  to   space 46592K, 0% used [0x00000000f1280000,0x00000000f1280000,0x00000000f4000000)
 ParOldGen       total 179712K, used 56301K [0x00000000a0000000, 0x00000000aaf80000, 0x00000000e0000000)
  object space 179712K, 31% used [0x00000000a0000000,0x00000000a36fb508,0x00000000aaf80000)
 Metaspace       used 93306K, capacity 98832K, committed 99072K, reserved 1134592K
  class space    used 12339K, capacity 13363K, committed 13440K, reserved 1048576K
}
Event: 679.715 GC heap before
{Heap before GC invocations=39 (full 4):
 PSYoungGen      total 326656K, used 284928K [0x00000000e0000000, 0x00000000f6e80000, 0x0000000100000000)
  eden space 281088K, 100% used [0x00000000e0000000,0x00000000f1280000,0x00000000f1280000)
  from space 45568K, 8% used [0x00000000f4000000,0x00000000f43c0030,0x00000000f6c80000)
  to   space 46592K, 0% used [0x00000000f1280000,0x00000000f1280000,0x00000000f4000000)
 ParOldGen       total 179712K, used 56301K [0x00000000a0000000, 0x00000000aaf80000, 0x00000000e0000000)
  object space 179712K, 31% used [0x00000000a0000000,0x00000000a36fb508,0x00000000aaf80000)
 Metaspace       used 96987K, capacity 103060K, committed 103296K, reserved 1138688K
  class space    used 12743K, capacity 13831K, committed 13952K, reserved 1048576K
Event: 679.757 GC heap after
Heap after GC invocations=39 (full 4):
 PSYoungGen      total 327680K, used 11963K [0x00000000e0000000, 0x00000000f8100000, 0x0000000100000000)
  eden space 281088K, 0% used [0x00000000e0000000,0x00000000e0000000,0x00000000f1280000)
  from space 46592K, 25% used [0x00000000f1280000,0x00000000f1e2ecc0,0x00000000f4000000)
  to   space 45568K, 0% used [0x00000000f5480000,0x00000000f5480000,0x00000000f8100000)
 ParOldGen       total 179712K, used 56309K [0x00000000a0000000, 0x00000000aaf80000, 0x00000000e0000000)
  object space 179712K, 31% used [0x00000000a0000000,0x00000000a36fd508,0x00000000aaf80000)
 Metaspace       used 96987K, capacity 103060K, committed 103296K, reserved 1138688K
  class space    used 12743K, capacity 13831K, committed 13952K, reserved 1048576K
}
Event: 1531.496 GC heap before
{Heap before GC invocations=40 (full 4):
 PSYoungGen      total 327680K, used 293051K [0x00000000e0000000, 0x00000000f8100000, 0x0000000100000000)
  eden space 281088K, 100% used [0x00000000e0000000,0x00000000f1280000,0x00000000f1280000)
  from space 46592K, 25% used [0x00000000f1280000,0x00000000f1e2ecc0,0x00000000f4000000)
  to   space 45568K, 0% used [0x00000000f5480000,0x00000000f5480000,0x00000000f8100000)
 ParOldGen       total 179712K, used 56309K [0x00000000a0000000, 0x00000000aaf80000, 0x00000000e0000000)
  object space 179712K, 31% used [0x00000000a0000000,0x00000000a36fd508,0x00000000aaf80000)
 Metaspace       used 100341K, capacity 106674K, committed 107008K, reserved 1142784K
  class space    used 13105K, capacity 14246K, committed 14336K, reserved 1048576K
Event: 1531.660 GC heap after
Heap after GC invocations=40 (full 4):
 PSYoungGen      total 337408K, used 11458K [0x00000000e0000000, 0x00000000f7a00000, 0x0000000100000000)
  eden space 299008K, 0% used [0x00000000e0000000,0x00000000e0000000,0x00000000f2400000)
  from space 38400K, 29% used [0x00000000f5480000,0x00000000f5fb0968,0x00000000f7a00000)
  to   space 44032K, 0% used [0x00000000f2400000,0x00000000f2400000,0x00000000f4f00000)
 ParOldGen       total 179712K, used 56317K [0x00000000a0000000, 0x00000000aaf80000, 0x00000000e0000000)
  object space 179712K, 31% used [0x00000000a0000000,0x00000000a36ff508,0x00000000aaf80000)
 Metaspace       used 100341K, capacity 106674K, committed 107008K, reserved 1142784K
  class space    used 13105K, capacity 14246K, committed 14336K, reserved 1048576K
}
Event: 1539.365 GC heap before
{Heap before GC invocations=41 (full 4):
 PSYoungGen      total 337408K, used 310236K [0x00000000e0000000, 0x00000000f7a00000, 0x0000000100000000)
  eden space 299008K, 99% used [0x00000000e0000000,0x00000000f23c67a0,0x00000000f2400000)
  from space 38400K, 29% used [0x00000000f5480000,0x00000000f5fb0968,0x00000000f7a00000)
  to   space 44032K, 0% used [0x00000000f2400000,0x00000000f2400000,0x00000000f4f00000)
 ParOldGen       total 179712K, used 56317K [0x00000000a0000000, 0x00000000aaf80000, 0x00000000e0000000)
  object space 179712K, 31% used [0x00000000a0000000,0x00000000a36ff508,0x00000000aaf80000)
 Metaspace       used 101168K, capacity 107704K, committed 107776K, reserved 1142784K
  class space    used 13173K, capacity 14321K, committed 14336K, reserved 1048576K
Event: 1539.412 GC heap after
Heap after GC invocations=41 (full 4):
 PSYoungGen      total 343040K, used 20738K [0x00000000e0000000, 0x00000000f8880000, 0x0000000100000000)
  eden space 299008K, 0% used [0x00000000e0000000,0x00000000e0000000,0x00000000f2400000)
  from space 44032K, 47% used [0x00000000f2400000,0x00000000f3840ad0,0x00000000f4f00000)
  to   space 42496K, 0% used [0x00000000f5f00000,0x00000000f5f00000,0x00000000f8880000)
 ParOldGen       total 179712K, used 56325K [0x00000000a0000000, 0x00000000aaf80000, 0x00000000e0000000)
  object space 179712K, 31% used [0x00000000a0000000,0x00000000a3701508,0x00000000aaf80000)
 Metaspace       used 101168K, capacity 107704K, committed 107776K, reserved 1142784K
  class space    used 13173K, capacity 14321K, committed 14336K, reserved 1048576K
}

Deoptimization events (10 events):
Event: 1538.983 Thread 0x000000001904b800 Uncommon trap: reason=array_check action=maybe_recompile pc=0x0000000006d09f80 method=java.util.TimSort.mergeLo(IIII)V @ 133
Event: 1538.983 Thread 0x000000001904b800 Uncommon trap: reason=array_check action=maybe_recompile pc=0x0000000006d09f80 method=java.util.TimSort.mergeLo(IIII)V @ 133
Event: 1539.266 Thread 0x000000001c8f2000 Uncommon trap: reason=class_check action=maybe_recompile pc=0x0000000003e0b4f0 method=java.util.zip.InflaterInputStream.read()I @ 11
Event: 1539.266 Thread 0x000000001c8f2000 Uncommon trap: reason=class_check action=maybe_recompile pc=0x0000000003e0b4f0 method=java.util.zip.InflaterInputStream.read()I @ 11
Event: 1539.266 Thread 0x000000001c8f2000 Uncommon trap: reason=class_check action=maybe_recompile pc=0x0000000003e0b4f0 method=java.util.zip.InflaterInputStream.read()I @ 11
Event: 1539.298 Thread 0x000000001c8f2000 Uncommon trap: reason=class_check action=maybe_recompile pc=0x0000000003e0b4f0 method=java.util.zip.InflaterInputStream.read()I @ 11
Event: 1539.430 Thread 0x000000001c8f2000 Uncommon trap: reason=unstable_if action=reinterpret pc=0x0000000004f24248 method=sun.nio.fs.WindowsPathParser.parse(Ljava/lang/String;Z)Lsun/nio/fs/WindowsPathParser$Result; @ 45
Event: 1540.008 Thread 0x000000001e48e000 Uncommon trap: reason=predicate action=maybe_recompile pc=0x00000000045f56bc method=com.google.common.collect.ImmutableList.copyIntoArray([Ljava/lang/Object;I)I @ 14
Event: 1540.012 Thread 0x000000001e48e000 Uncommon trap: reason=unstable_if action=reinterpret pc=0x00000000067dec84 method=sun.nio.fs.WindowsChannelFactory.newFileChannel(Ljava/lang/String;Ljava/lang/String;Ljava/util/Set;J)Ljava/nio/channels/FileChannel; @ 11
Event: 1540.069 Thread 0x000000001c8ec000 Uncommon trap: reason=unstable_if action=reinterpret pc=0x0000000004219a54 method=sun.nio.fs.WindowsFileSystemProvider.getFileAttributeView(Ljava/nio/file/Path;Ljava/lang/Class;[Ljava/nio/file/LinkOption;)Ljava/nio/file/attribute/FileAttributeView; @ 27

Classes redefined (0 events):
No events

Internal exceptions (10 events):
Event: 1539.597 Thread 0x000000001904b800 Exception <a 'sun/nio/fs/WindowsException'> (0x00000000e1aa9980) thrown at [C:\re\workspace\8-2-build-windows-amd64-cygwin\jdk8u201\12322\hotspot\src\share\vm\prims\jni.cpp, line 709]
Event: 1539.598 Thread 0x000000001904b800 Exception <a 'sun/nio/fs/WindowsException'> (0x00000000e1ab0720) thrown at [C:\re\workspace\8-2-build-windows-amd64-cygwin\jdk8u201\12322\hotspot\src\share\vm\prims\jni.cpp, line 709]
Event: 1539.600 Thread 0x000000001904b800 Exception <a 'sun/nio/fs/WindowsException'> (0x00000000e1e752c8) thrown at [C:\re\workspace\8-2-build-windows-amd64-cygwin\jdk8u201\12322\hotspot\src\share\vm\prims\jni.cpp, line 709]
Event: 1539.602 Thread 0x000000001904b800 Exception <a 'sun/nio/fs/WindowsException'> (0x00000000e1ec0b40) thrown at [C:\re\workspace\8-2-build-windows-amd64-cygwin\jdk8u201\12322\hotspot\src\share\vm\prims\jni.cpp, line 709]
Event: 1539.684 Thread 0x000000001904b800 Exception <a 'sun/nio/fs/WindowsException'> (0x00000000e1f0a108) thrown at [C:\re\workspace\8-2-build-windows-amd64-cygwin\jdk8u201\12322\hotspot\src\share\vm\prims\jni.cpp, line 709]
Event: 1539.685 Thread 0x000000001904b800 Exception <a 'sun/nio/fs/WindowsException'> (0x00000000e1f504d0) thrown at [C:\re\workspace\8-2-build-windows-amd64-cygwin\jdk8u201\12322\hotspot\src\share\vm\prims\jni.cpp, line 709]
Event: 1539.705 Thread 0x000000001904b800 Exception <a 'sun/nio/fs/WindowsException'> (0x00000000e1f57760) thrown at [C:\re\workspace\8-2-build-windows-amd64-cygwin\jdk8u201\12322\hotspot\src\share\vm\prims\jni.cpp, line 709]
Event: 1539.706 Thread 0x000000001904b800 Exception <a 'sun/nio/fs/WindowsException'> (0x00000000e2152b28) thrown at [C:\re\workspace\8-2-build-windows-amd64-cygwin\jdk8u201\12322\hotspot\src\share\vm\prims\jni.cpp, line 709]
Event: 1539.708 Thread 0x000000001904b800 Exception <a 'sun/nio/fs/WindowsException'> (0x00000000e2159f78) thrown at [C:\re\workspace\8-2-build-windows-amd64-cygwin\jdk8u201\12322\hotspot\src\share\vm\prims\jni.cpp, line 709]
Event: 1539.710 Thread 0x000000001904b800 Exception <a 'sun/nio/fs/WindowsException'> (0x00000000e21603c0) thrown at [C:\re\workspace\8-2-build-windows-amd64-cygwin\jdk8u201\12322\hotspot\src\share\vm\prims\jni.cpp, line 709]

Events (10 events):
Event: 1540.126 loading class org/apache/commons/io/IOUtils
Event: 1540.126 loading class org/apache/commons/io/IOUtils done
Event: 1540.128 loading class org/apache/commons/io/output/StringBuilderWriter
Event: 1540.128 loading class org/apache/commons/io/output/StringBuilderWriter done
Event: 1540.129 loading class java/io/CharArrayWriter
Event: 1540.131 loading class java/io/CharArrayWriter done
Event: 1540.131 loading class org/apache/commons/io/output/ByteArrayOutputStream
Event: 1540.131 loading class org/apache/commons/io/output/ByteArrayOutputStream done
Event: 1540.133 loading class org/apache/commons/io/Charsets
Event: 1540.133 loading class org/apache/commons/io/Charsets done


Dynamic libraries:
0x00007ff774290000 - 0x00007ff7742c7000 	C:\Program Files\Java\jdk1.8.0_201\bin\java.exe
0x00007ff9824c0000 - 0x00007ff9826ad000 	C:\WINDOWS\SYSTEM32\ntdll.dll
0x00007ff980520000 - 0x00007ff9805d3000 	C:\WINDOWS\System32\KERNEL32.DLL
0x00007ff97f340000 - 0x00007ff97f5d3000 	C:\WINDOWS\System32\KERNELBASE.dll
0x00007ff981d00000 - 0x00007ff981da3000 	C:\WINDOWS\System32\ADVAPI32.dll
0x00007ff9823f0000 - 0x00007ff98248e000 	C:\WINDOWS\System32\msvcrt.dll
0x00007ff97fa30000 - 0x00007ff97face000 	C:\WINDOWS\System32\sechost.dll
0x00007ff9803c0000 - 0x00007ff9804e2000 	C:\WINDOWS\System32\RPCRT4.dll
0x00007ff980220000 - 0x00007ff9803b7000 	C:\WINDOWS\System32\USER32.dll
0x00007ff97f6c0000 - 0x00007ff97f6e0000 	C:\WINDOWS\System32\win32u.dll
0x00007ff97fa00000 - 0x00007ff97fa29000 	C:\WINDOWS\System32\GDI32.dll
0x00007ff97f1a0000 - 0x00007ff97f339000 	C:\WINDOWS\System32\gdi32full.dll
0x00007ff97e580000 - 0x00007ff97e620000 	C:\WINDOWS\System32\msvcp_win.dll
0x00007ff97eec0000 - 0x00007ff97efba000 	C:\WINDOWS\System32\ucrtbase.dll
0x00007ff9700d0000 - 0x00007ff970349000 	C:\WINDOWS\WinSxS\amd64_microsoft.windows.common-controls_6595b64144ccf1df_6.0.17763.802_none_05b1445c0722d2cc\COMCTL32.dll
0x00007ff981f00000 - 0x00007ff98222c000 	C:\WINDOWS\System32\combase.dll
0x00007ff97e670000 - 0x00007ff97e6ee000 	C:\WINDOWS\System32\bcryptPrimitives.dll
0x00007ff9804f0000 - 0x00007ff98051e000 	C:\WINDOWS\System32\IMM32.DLL
0x0000000062eb0000 - 0x0000000062f81000 	C:\Program Files\Java\jdk1.8.0_201\jre\bin\msvcr100.dll
0x0000000062600000 - 0x0000000062ea4000 	C:\Program Files\Java\jdk1.8.0_201\jre\bin\server\jvm.dll
0x00007ff9822a0000 - 0x00007ff9822a8000 	C:\WINDOWS\System32\PSAPI.DLL
0x00007ff97c510000 - 0x00007ff97c534000 	C:\WINDOWS\SYSTEM32\WINMM.dll
0x00007ff970700000 - 0x00007ff97070a000 	C:\WINDOWS\SYSTEM32\VERSION.dll
0x00007ff97c080000 - 0x00007ff97c0ad000 	C:\WINDOWS\SYSTEM32\winmmbase.dll
0x00007ff97e620000 - 0x00007ff97e66a000 	C:\WINDOWS\System32\cfgmgr32.dll
0x00007ff977560000 - 0x00007ff977569000 	C:\WINDOWS\SYSTEM32\WSOCK32.dll
0x00007ff981ae0000 - 0x00007ff981b4d000 	C:\WINDOWS\System32\WS2_32.dll
0x00007ff97c660000 - 0x00007ff97c66f000 	C:\Program Files\Java\jdk1.8.0_201\jre\bin\verify.dll
0x00007ff978a70000 - 0x00007ff978a99000 	C:\Program Files\Java\jdk1.8.0_201\jre\bin\java.dll
0x00007ff96edf0000 - 0x00007ff96ee06000 	C:\Program Files\Java\jdk1.8.0_201\jre\bin\zip.dll
0x00007ff9805e0000 - 0x00007ff981ad4000 	C:\WINDOWS\System32\SHELL32.dll
0x00007ff980010000 - 0x00007ff9800b8000 	C:\WINDOWS\System32\shcore.dll
0x00007ff97e770000 - 0x00007ff97eebd000 	C:\WINDOWS\System32\windows.storage.dll
0x00007ff97e530000 - 0x00007ff97e554000 	C:\WINDOWS\System32\profapi.dll
0x00007ff97e4d0000 - 0x00007ff97e52d000 	C:\WINDOWS\System32\powrprof.dll
0x00007ff97fad0000 - 0x00007ff97fb22000 	C:\WINDOWS\System32\shlwapi.dll
0x00007ff97e4b0000 - 0x00007ff97e4c1000 	C:\WINDOWS\System32\kernel.appcore.dll
0x00007ff97e750000 - 0x00007ff97e767000 	C:\WINDOWS\System32\cryptsp.dll
0x00007ff96e8c0000 - 0x00007ff96e8da000 	C:\Program Files\Java\jdk1.8.0_201\jre\bin\net.dll
0x00007ff974260000 - 0x00007ff974437000 	C:\WINDOWS\SYSTEM32\urlmon.dll
0x00007ff972b40000 - 0x00007ff972de8000 	C:\WINDOWS\SYSTEM32\iertutil.dll
0x00007ff97de90000 - 0x00007ff97de9c000 	C:\WINDOWS\SYSTEM32\CRYPTBASE.DLL
0x00007ff97dcc0000 - 0x00007ff97dd27000 	C:\WINDOWS\system32\mswsock.dll
0x00007ff96d640000 - 0x00007ff96d651000 	C:\Program Files\Java\jdk1.8.0_201\jre\bin\nio.dll
0x00007ff978aa0000 - 0x00007ff978ac6000 	C:\Users\MaiTuanAnhLapTop\.gradle\native\29\windows-amd64\native-platform.dll
0x00007ff97a710000 - 0x00007ff97a71d000 	C:\Program Files\Java\jdk1.8.0_201\jre\bin\management.dll
0x00007ff97d840000 - 0x00007ff97d873000 	C:\WINDOWS\system32\rsaenh.dll
0x00007ff97f5e0000 - 0x00007ff97f606000 	C:\WINDOWS\System32\bcrypt.dll
0x00007ff97e3e0000 - 0x00007ff97e408000 	C:\WINDOWS\SYSTEM32\USERENV.dll
0x00007ff97d9e0000 - 0x00007ff97da1d000 	C:\WINDOWS\SYSTEM32\IPHLPAPI.DLL
0x00007ff9822b0000 - 0x00007ff9822b8000 	C:\WINDOWS\System32\NSI.dll
0x00007ff975c50000 - 0x00007ff975c66000 	C:\WINDOWS\SYSTEM32\dhcpcsvc6.DLL
0x00007ff975c30000 - 0x00007ff975c4c000 	C:\WINDOWS\SYSTEM32\dhcpcsvc.DLL
0x00007ff97da20000 - 0x00007ff97dae6000 	C:\WINDOWS\SYSTEM32\DNSAPI.dll
0x00007ff953140000 - 0x00007ff9532d9000 	C:\Program Files\Java\jdk1.8.0_201\jre\bin\awt.dll
0x00007ff97f930000 - 0x00007ff97f9f4000 	C:\WINDOWS\System32\OLEAUT32.dll
0x00007ff97c760000 - 0x00007ff97c7ec000 	C:\WINDOWS\SYSTEM32\apphelp.dll
0x00007ff97cb50000 - 0x00007ff97cb7e000 	C:\WINDOWS\system32\DWMAPI.DLL
0x00007ff97efc0000 - 0x00007ff97f19b000 	C:\WINDOWS\System32\CRYPT32.dll
0x00007ff97e560000 - 0x00007ff97e572000 	C:\WINDOWS\System32\MSASN1.dll
0x00007ff97ca80000 - 0x00007ff97cb1c000 	C:\WINDOWS\system32\uxtheme.dll
0x00007ff978690000 - 0x00007ff9786ba000 	C:\Program Files\Java\jdk1.8.0_201\jre\bin\dcpr.dll

VM Arguments:
jvm_args: -Xmx1536m -Dfile.encoding=windows-1252 -Duser.country=US -Duser.language=en -Duser.variant 
java_command: org.gradle.launcher.daemon.bootstrap.GradleDaemon 5.4.1
java_class_path (initial): C:\Users\MaiTuanAnhLapTop\.gradle\wrapper\dists\gradle-5.4.1-all\3221gyojl5jsh0helicew7rwx\gradle-5.4.1\lib\gradle-launcher-5.4.1.jar
Launcher Type: SUN_STANDARD

Environment Variables:
JAVA_HOME=C:\Program Files\Java\jdk1.8.0_201
PATH="C:\Program Files (x86)\Common Files\Oracle\Java\javapath;D:\software_study\java\apache-maven-3.6.1-bin\apache-maven-3.6.1\bin;C:\Program Files\Java\jdk1.8.0_201\bin";"C:\Program Files\Java\jdk1.8.0_201\bin;C:\Program Files (x86)\Common Files\Oracle\Java\javapath;D:\software_study\java\apache-maven-3.6.1-bin\apache-maven-3.6.1\bin;C:\Program Files\Java\jdk1.8.0_201\bin";C:\WINDOWS\system32;C:\WINDOWS;C:\WINDOWS\System32\Wbem;C:\WINDOWS\System32\WindowsPowerShell\v1.0\;C:\WINDOWS\System32\OpenSSH\;C:\Program Files (x86)\NVIDIA Corporation\PhysX\Common;C:\Program Files\Git\cmd;C:\Program Files\NVIDIA Corporation\NVIDIA NvDLISR;C:\WINDOWS\system32;C:\WINDOWS;C:\WINDOWS\System32\Wbem;C:\WINDOWS\System32\WindowsPowerShell\v1.0\;C:\WINDOWS\System32\OpenSSH\;C:\Program Files\Java\jdk1.8.0_201\bin;C:\xampp\php;C:\ProgramData\ComposerSetup\bin;C:\flutter\flutter\bin;C:\Users\MaiTuanAnhLapTop\AppData\Local\Microsoft\WindowsApps;%DASHLANE_DLL_DIR%;C:\Users\MaiTuanAnhLapTop\AppData\Roaming\Composer\vendor\bin;%IntelliJ IDEA Community Edition%;C:\flutter\flutter\bin;
USERNAME=MaiTuanAnhLapTop
OS=Windows_NT
PROCESSOR_IDENTIFIER=Intel64 Family 6 Model 61 Stepping 4, GenuineIntel



---------------  S Y S T E M  ---------------

OS: Windows 10.0 , 64 bit Build 17763 (10.0.17763.475)

CPU:total 4 (initial active 4) (2 cores per cpu, 2 threads per core) family 6 model 61 stepping 4, cmov, cx8, fxsr, mmx, sse, sse2, sse3, ssse3, sse4.1, sse4.2, popcnt, avx, avx2, aes, clmul, erms, 3dnowpref, lzcnt, ht, tsc, tscinvbit, bmi1, bmi2, adx

Memory: 4k page, physical 8296264k(975196k free), swap 8296264k(5568k free)

vm_info: Java HotSpot(TM) 64-Bit Server VM (25.201-b09) for windows-amd64 JRE (1.8.0_201-b09), built on Dec 15 2018 18:36:39 by "java_re" with MS VC++ 10.0 (VS2010)

time: Tue Oct 22 13:41:54 2019
timezone: SE Asia Standard Time
elapsed time: 1540 seconds (0d 0h 25m 40s)

